<?xml version="1.0" encoding="utf-8"?>
<CoverageSession xmlns:xsd="http://www.w3.org/2001/XMLSchema" xmlns:xsi="http://www.w3.org/2001/XMLSchema-instance">
  <Summary numSequencePoints="567" visitedSequencePoints="285" numBranchPoints="128" visitedBranchPoints="59" sequenceCoverage="50.26" branchCoverage="46.09" maxCyclomaticComplexity="25" minCyclomaticComplexity="1" visitedClasses="7" numClasses="10" visitedMethods="19" numMethods="39" />
  <Modules>
    <Module skippedDueTo="Filter" hash="B5-3B-04-14-1C-C3-B8-34-C8-C1-ED-72-E3-29-CC-57-B0-70-7A-F4">
      <ModulePath>C:\Windows\assembly\GAC_64\mscorlib\2.0.0.0__b77a5c561934e089\mscorlib.dll</ModulePath>
      <ModuleTime>2017-03-17T23:53:18Z</ModuleTime>
      <ModuleName>mscorlib</ModuleName>
      <Classes />
    </Module>
    <Module skippedDueTo="Filter" hash="F9-04-A8-31-CD-FB-23-72-95-63-5D-14-9A-A0-66-8E-7F-44-93-7A">
      <ModulePath>C:\Windows\assembly\GAC_64\mscorlib\2.0.0.0__b77a5c561934e089\sorttbls.nlp</ModulePath>
      <ModuleTime>2017-02-10T16:17:04Z</ModuleTime>
      <ModuleName>mscorlib</ModuleName>
      <Classes />
    </Module>
    <Module skippedDueTo="Filter" hash="F9-CA-B6-79-63-CB-31-8A-0D-DC-C3-D0-43-F8-28-C3-F0-95-F9-E7">
      <ModulePath>C:\Users\gtrev\Source\Repos\OpenInApp.Launcher\src\packages\NUnit.Runners.2.6.3\tools\nunit-console.exe</ModulePath>
      <ModuleTime>2013-10-10T16:39:24Z</ModuleTime>
      <ModuleName>nunit-console</ModuleName>
      <Classes />
    </Module>
    <Module skippedDueTo="Filter" hash="2A-C4-E5-DE-F3-EE-AD-84-E1-65-84-CC-15-90-76-96-E7-01-44-4E">
      <ModulePath>C:\Users\gtrev\Source\Repos\OpenInApp.Launcher\src\packages\NUnit.Runners.2.6.3\tools\lib\nunit-console-runner.dll</ModulePath>
      <ModuleTime>2013-10-10T16:39:24Z</ModuleTime>
      <ModuleName>nunit-console-runner</ModuleName>
      <Classes />
    </Module>
    <Module skippedDueTo="Filter" hash="33-E1-CA-24-52-5A-B7-C7-C4-AF-91-2C-A9-4A-C0-37-67-0D-5B-FE">
      <ModulePath>C:\Users\gtrev\Source\Repos\OpenInApp.Launcher\src\packages\NUnit.Runners.2.6.3\tools\lib\nunit.core.dll</ModulePath>
      <ModuleTime>2013-10-10T16:39:24Z</ModuleTime>
      <ModuleName>nunit.core</ModuleName>
      <Classes />
    </Module>
    <Module skippedDueTo="Filter" hash="74-74-F6-87-59-E1-5F-4F-5F-5E-6E-82-50-E8-E2-46-D4-86-15-76">
      <ModulePath>C:\Users\gtrev\Source\Repos\OpenInApp.Launcher\src\packages\NUnit.Runners.2.6.3\tools\lib\nunit.util.dll</ModulePath>
      <ModuleTime>2013-10-10T16:39:24Z</ModuleTime>
      <ModuleName>nunit.util</ModuleName>
      <Classes />
    </Module>
    <Module skippedDueTo="Filter" hash="D3-A4-4D-85-55-F7-CE-EF-A5-90-AA-EF-58-E0-9F-B6-CC-27-99-53">
      <ModulePath>C:\Users\gtrev\Source\Repos\OpenInApp.Launcher\src\packages\NUnit.Runners.2.6.3\tools\lib\nunit.core.interfaces.dll</ModulePath>
      <ModuleTime>2013-10-10T16:39:24Z</ModuleTime>
      <ModuleName>nunit.core.interfaces</ModuleName>
      <Classes />
    </Module>
    <Module skippedDueTo="Filter" hash="6E-30-2E-50-36-FB-60-2C-8E-50-C0-83-54-8B-CC-EA-A8-91-B6-CC">
      <ModulePath>C:\Windows\assembly\GAC_64\mscorlib\2.0.0.0__b77a5c561934e089\sortkey.nlp</ModulePath>
      <ModuleTime>2017-02-10T16:17:04Z</ModuleTime>
      <ModuleName>mscorlib</ModuleName>
      <Classes />
    </Module>
    <Module skippedDueTo="Filter" hash="D9-E1-E4-30-FE-21-28-4C-D8-2B-4E-54-08-4D-62-AB-B5-41-4C-3D">
      <ModulePath>C:\Windows\assembly\GAC_MSIL\System.Configuration\2.0.0.0__b03f5f7f11d50a3a\System.Configuration.dll</ModulePath>
      <ModuleTime>2017-03-18T03:02:00Z</ModuleTime>
      <ModuleName>System.Configuration</ModuleName>
      <Classes />
    </Module>
    <Module skippedDueTo="Filter" hash="A8-58-D3-E7-C8-D3-4C-23-66-87-A8-C4-46-B5-D4-32-5B-6C-13-35">
      <ModulePath>C:\Windows\assembly\GAC_MSIL\System\2.0.0.0__b77a5c561934e089\System.dll</ModulePath>
      <ModuleTime>2017-04-27T21:17:20.1686469Z</ModuleTime>
      <ModuleName>System</ModuleName>
      <Classes />
    </Module>
    <Module skippedDueTo="Filter" hash="68-D9-7A-5D-02-51-6D-19-DC-60-92-C2-50-E1-25-61-A6-2B-C6-50">
      <ModulePath>C:\Windows\assembly\GAC_MSIL\System.Xml\2.0.0.0__b77a5c561934e089\System.Xml.dll</ModulePath>
      <ModuleTime>2017-03-18T03:02:00Z</ModuleTime>
      <ModuleName>System.Xml</ModuleName>
      <Classes />
    </Module>
    <Module skippedDueTo="Filter" hash="BE-C3-3A-F7-17-24-98-3B-AD-68-A6-84-C6-DF-5D-15-C6-3D-92-17">
      <ModulePath>C:\Windows\assembly\GAC_MSIL\System.Runtime.Remoting\2.0.0.0__b77a5c561934e089\System.Runtime.Remoting.dll</ModulePath>
      <ModuleTime>2017-03-18T03:11:40Z</ModuleTime>
      <ModuleName>System.Runtime.Remoting</ModuleName>
      <Classes />
    </Module>
    <Module skippedDueTo="Filter" hash="EA-B3-A2-30-3C-4D-54-1C-6E-3A-4A-52-B7-61-53-86-B8-12-8D-49">
      <ModulePath>C:\Windows\Microsoft.Net\assembly\GAC_64\mscorlib\v4.0_4.0.0.0__b77a5c561934e089\mscorlib.dll</ModulePath>
      <ModuleTime>2017-05-20T03:10:39.5782821Z</ModuleTime>
      <ModuleName>mscorlib</ModuleName>
      <Classes />
    </Module>
    <Module skippedDueTo="Filter" hash="87-52-C5-B2-2F-D3-F5-4F-58-BF-89-4A-88-59-6D-CE-F4-7F-6A-3B">
      <ModulePath>C:\Users\gtrev\Source\Repos\OpenInApp.Launcher\src\packages\NUnit.Runners.2.6.3\tools\nunit-agent.exe</ModulePath>
      <ModuleTime>2013-10-10T16:39:24Z</ModuleTime>
      <ModuleName>nunit-agent</ModuleName>
      <Classes />
    </Module>
    <Module skippedDueTo="Filter" hash="79-2F-E4-81-15-23-A9-72-6E-4B-61-08-E7-03-D3-3D-F2-DA-F6-11">
      <ModulePath>C:\Windows\Microsoft.Net\assembly\GAC_MSIL\System\v4.0_4.0.0.0__b77a5c561934e089\System.dll</ModulePath>
      <ModuleTime>2017-04-27T21:18:08.4447074Z</ModuleTime>
      <ModuleName>System</ModuleName>
      <Classes />
    </Module>
    <Module skippedDueTo="Filter" hash="27-33-9D-83-64-AB-93-6A-B4-BE-AB-4D-9B-75-8B-E2-B9-63-8B-DE">
      <ModulePath>C:\Windows\Microsoft.Net\assembly\GAC_MSIL\System.Runtime.Remoting\v4.0_4.0.0.0__b77a5c561934e089\System.Runtime.Remoting.dll</ModulePath>
      <ModuleTime>2017-03-18T20:59:43.8062628Z</ModuleTime>
      <ModuleName>System.Runtime.Remoting</ModuleName>
      <Classes />
    </Module>
    <Module skippedDueTo="Filter" hash="0C-91-60-C5-26-07-2E-2E-54-A1-8A-32-86-67-C5-B4-A5-93-05-F9">
      <ModulePath>C:\Windows\Microsoft.Net\assembly\GAC_MSIL\System.Configuration\v4.0_4.0.0.0__b03f5f7f11d50a3a\System.Configuration.dll</ModulePath>
      <ModuleTime>2017-03-18T20:59:43.7281312Z</ModuleTime>
      <ModuleName>System.Configuration</ModuleName>
      <Classes />
    </Module>
    <Module skippedDueTo="Filter" hash="BC-3D-7B-FA-41-15-98-9E-BD-CB-6E-11-CC-4E-F2-49-2D-A6-58-72">
      <ModulePath>C:\Windows\Microsoft.Net\assembly\GAC_MSIL\System.Xml\v4.0_4.0.0.0__b77a5c561934e089\System.Xml.dll</ModulePath>
      <ModuleTime>2017-03-18T20:59:43.8218895Z</ModuleTime>
      <ModuleName>System.Xml</ModuleName>
      <Classes />
    </Module>
    <Module skippedDueTo="Filter" hash="23-BC-31-F6-43-B2-A8-0E-53-0D-F9-0B-70-B7-5D-8F-D4-C6-52-05">
      <ModulePath>C:\Windows\Microsoft.Net\assembly\GAC_64\System.Web\v4.0_4.0.0.0__b03f5f7f11d50a3a\System.Web.dll</ModulePath>
      <ModuleTime>2017-03-18T20:59:47.9159862Z</ModuleTime>
      <ModuleName>System.Web</ModuleName>
      <Classes />
    </Module>
    <Module skippedDueTo="Filter" hash="90-63-C8-99-42-A7-4D-0A-3F-27-55-D9-27-57-AE-E0-E9-B0-15-E8">
      <ModulePath>C:\Windows\assembly\GAC_64\System.Web\2.0.0.0__b03f5f7f11d50a3a\System.Web.dll</ModulePath>
      <ModuleTime>2017-03-17T23:53:22Z</ModuleTime>
      <ModuleName>System.Web</ModuleName>
      <Classes />
    </Module>
    <Module skippedDueTo="Filter" hash="B6-96-0F-77-90-5D-5D-2F-9A-F2-9F-C4-E5-75-AD-9C-ED-57-F3-17">
      <ModulePath>C:\Users\gtrev\Source\Repos\OpenInApp.Launcher\src\packages\NUnit.Runners.2.6.3\tools\pnunit.framework.dll</ModulePath>
      <ModuleTime>2013-10-10T16:39:24Z</ModuleTime>
      <ModuleName>pnunit.framework</ModuleName>
      <Classes />
    </Module>
    <Module skippedDueTo="Filter" hash="BF-1D-D7-35-9F-DE-AD-6C-C5-85-0E-59-71-C4-80-76-13-06-73-54">
      <ModulePath>C:\Users\gtrev\Source\Repos\OpenInApp.Launcher\src\packages\NUnit.Runners.2.6.3\tools\pnunit-agent.exe</ModulePath>
      <ModuleTime>2013-10-10T16:39:24Z</ModuleTime>
      <ModuleName>pnunit-agent</ModuleName>
      <Classes />
    </Module>
    <Module skippedDueTo="Filter" hash="FD-37-EC-3F-F6-C5-16-E9-B4-ED-4A-B0-15-F2-4F-E5-CA-FC-E8-4F">
      <ModulePath>C:\Users\gtrev\Source\Repos\OpenInApp.Launcher\src\OpenInApp.Common.Tests\bin\Debug\OpenInApp.Common.Tests.dll</ModulePath>
      <ModuleTime>2017-07-07T18:21:08.4908774Z</ModuleTime>
      <ModuleName>OpenInApp.Common.Tests</ModuleName>
      <Classes />
    </Module>
    <Module skippedDueTo="Filter" hash="6C-04-8C-57-BA-16-AC-9A-1E-6F-C5-9B-72-58-A4-91-04-FA-A5-1E">
      <ModulePath>C:\Users\gtrev\Source\Repos\OpenInApp.Launcher\src\OpenInApp.Common.Tests\bin\Debug\nunit.framework.dll</ModulePath>
      <ModuleTime>2017-02-25T10:53:22Z</ModuleTime>
      <ModuleName>nunit.framework</ModuleName>
      <Classes />
    </Module>
    <Module hash="00-DA-A6-C1-11-6E-52-47-BA-D3-7C-4D-F9-04-F1-6A-0F-CB-3D-3B">
      <Summary numSequencePoints="567" visitedSequencePoints="285" numBranchPoints="128" visitedBranchPoints="59" sequenceCoverage="50.26" branchCoverage="46.09" maxCyclomaticComplexity="25" minCyclomaticComplexity="1" visitedClasses="7" numClasses="10" visitedMethods="19" numMethods="39" />
      <ModulePath>C:\Users\gtrev\Source\Repos\OpenInApp.Launcher\src\OpenInApp.Common.Tests\bin\Debug\OpenInApp.Common.dll</ModulePath>
      <ModuleTime>2017-07-07T18:21:08.2201854Z</ModuleTime>
      <ModuleName>OpenInApp.Common</ModuleName>
      <Files>
        <File uid="1" fullPath="C:\Users\gtrev\Source\Repos\OpenInApp.Launcher\src\OpenInApp.Common\Helpers\AllAppsHelper.cs" />
        <File uid="2" fullPath="C:\Users\gtrev\Source\Repos\OpenInApp.Launcher\src\OpenInApp.Common\Helpers\ApplicationToOpenHelper.cs" />
        <File uid="3" fullPath="C:\Users\gtrev\Source\Repos\OpenInApp.Launcher\src\OpenInApp.Common\Helpers\ArtefactsHelper.cs" />
        <File uid="4" fullPath="C:\Users\gtrev\Source\Repos\OpenInApp.Launcher\src\OpenInApp.Common\Helpers\ArtefactsToOpenHelper.cs" />
        <File uid="5" fullPath="C:\Users\gtrev\Source\Repos\OpenInApp.Launcher\src\OpenInApp.Common\Helpers\BrowseFileHelper.cs" />
        <File uid="6" fullPath="C:\Users\gtrev\Source\Repos\OpenInApp.Launcher\src\OpenInApp.Common\Helpers\CsvHelper.cs" />
        <File uid="7" fullPath="C:\Users\gtrev\Source\Repos\OpenInApp.Launcher\src\OpenInApp.Common\Helpers\EnumHelper.cs" />
        <File uid="8" fullPath="C:\Users\gtrev\Source\Repos\OpenInApp.Launcher\src\OpenInApp.Common\Helpers\OpenInAppHelper.cs" />
        <File uid="9" fullPath="C:\Users\gtrev\Source\Repos\OpenInApp.Launcher\src\OpenInApp.Common\Helpers\CommonConstants.cs" />
        <File uid="10" fullPath="C:\Users\gtrev\Source\Repos\OpenInApp.Launcher\src\OpenInApp.Common\Helpers\GeneralOptionsHelper.cs" />
        <File uid="11" fullPath="C:\Users\gtrev\Source\Repos\OpenInApp.Launcher\src\OpenInApp.Common\Helpers\Dtos\ArtefactsToBeOpened.cs" />
        <File uid="12" fullPath="C:\Users\gtrev\Source\Repos\OpenInApp.Launcher\src\OpenInApp.Common\Helpers\Dtos\ApplicationToOpenDto.cs" />
        <File uid="13" fullPath="C:\Users\gtrev\Source\Repos\OpenInApp.Launcher\src\OpenInApp.Common\Helpers\Dtos\FileBrowseOutcomeDto.cs" />
      </Files>
      <Classes>
        <Class>
          <Summary numSequencePoints="0" visitedSequencePoints="0" numBranchPoints="0" visitedBranchPoints="0" sequenceCoverage="0" branchCoverage="0" maxCyclomaticComplexity="0" minCyclomaticComplexity="0" visitedClasses="0" numClasses="0" visitedMethods="0" numMethods="0" />
          <FullName>&lt;Module&gt;</FullName>
          <Methods />
        </Class>
        <Class>
          <Summary numSequencePoints="11" visitedSequencePoints="11" numBranchPoints="1" visitedBranchPoints="1" sequenceCoverage="100" branchCoverage="100" maxCyclomaticComplexity="3" minCyclomaticComplexity="3" visitedClasses="1" numClasses="1" visitedMethods="1" numMethods="1" />
          <FullName>OpenInApp.Common.Helpers.AllAppsHelper</FullName>
          <Methods>
            <Method visited="true" cyclomaticComplexity="3" nPathComplexity="0" sequenceCoverage="100" branchCoverage="100" isConstructor="false" isStatic="true" isGetter="false" isSetter="false">
              <Summary numSequencePoints="11" visitedSequencePoints="11" numBranchPoints="1" visitedBranchPoints="1" sequenceCoverage="100" branchCoverage="100" maxCyclomaticComplexity="3" minCyclomaticComplexity="3" visitedClasses="0" numClasses="0" visitedMethods="1" numMethods="1" />
              <MetadataToken>100663297</MetadataToken>
              <Name>System.String OpenInApp.Common.Helpers.AllAppsHelper::GetDefaultTypicalFileExtensionsAsCsv(System.Collections.Generic.IEnumerable`1&lt;System.String&gt;)</Name>
              <FileRef uid="1" />
              <SequencePoints>
                <SequencePoint vc="1" uspid="1" ordinal="0" offset="0" sl="24" sc="9" el="24" ec="10" bec="0" bev="0" fileid="1" />
                <SequencePoint vc="1" uspid="2" ordinal="1" offset="1" sl="25" sc="13" el="25" ec="53" bec="0" bev="0" fileid="1" />
                <SequencePoint vc="1" uspid="3" ordinal="2" offset="7" sl="26" sc="13" el="26" ec="20" bec="0" bev="0" fileid="1" />
                <SequencePoint vc="1" uspid="4" ordinal="3" offset="8" sl="26" sc="40" el="26" ec="51" bec="0" bev="0" fileid="1" />
                <SequencePoint vc="3" uspid="5" ordinal="4" offset="17" sl="26" sc="22" el="26" ec="36" bec="0" bev="0" fileid="1" />
                <SequencePoint vc="3" uspid="6" ordinal="5" offset="24" sl="27" sc="13" el="27" ec="14" bec="0" bev="0" fileid="1" />
                <SequencePoint vc="3" uspid="7" ordinal="6" offset="25" sl="28" sc="17" el="28" ec="62" bec="0" bev="0" fileid="1" />
                <SequencePoint vc="3" uspid="8" ordinal="7" offset="40" sl="29" sc="13" el="29" ec="14" bec="0" bev="0" fileid="1" />
                <SequencePoint vc="4" uspid="9" ordinal="8" offset="41" sl="26" sc="37" el="26" ec="39" bec="0" bev="0" fileid="1" />
                <SequencePoint vc="1" uspid="10" ordinal="9" offset="62" sl="30" sc="13" el="30" ec="58" bec="0" bev="0" fileid="1" />
                <SequencePoint vc="1" uspid="11" ordinal="10" offset="87" sl="31" sc="9" el="31" ec="10" bec="0" bev="0" fileid="1" />
              </SequencePoints>
              <BranchPoints />
              <MethodPoint xsi:type="SequencePoint" vc="1" uspid="1" ordinal="0" offset="0" sl="24" sc="9" el="24" ec="10" bec="0" bev="0" fileid="1" />
            </Method>
          </Methods>
        </Class>
        <Class>
          <Summary numSequencePoints="97" visitedSequencePoints="81" numBranchPoints="29" visitedBranchPoints="24" sequenceCoverage="83.51" branchCoverage="82.76" maxCyclomaticComplexity="25" minCyclomaticComplexity="1" visitedClasses="1" numClasses="1" visitedMethods="4" numMethods="5" />
          <FullName>OpenInApp.Common.Helpers.ApplicationToOpenHelper</FullName>
          <Methods>
            <Method visited="false" cyclomaticComplexity="1" nPathComplexity="0" sequenceCoverage="0" branchCoverage="0" isConstructor="false" isStatic="false" isGetter="false" isSetter="false">
              <Summary numSequencePoints="3" visitedSequencePoints="0" numBranchPoints="1" visitedBranchPoints="0" sequenceCoverage="0" branchCoverage="0" maxCyclomaticComplexity="1" minCyclomaticComplexity="1" visitedClasses="0" numClasses="0" visitedMethods="0" numMethods="1" />
              <MetadataToken>100663298</MetadataToken>
              <Name>System.Nullable`1&lt;System.Boolean&gt; OpenInApp.Common.Helpers.ApplicationToOpenHelper::GetOpenIndividualFilesInFolderRatherThanFolderItself(OpenInApp.Common.Helpers.KeyToExecutableEnum)</Name>
              <FileRef uid="2" />
              <SequencePoints>
                <SequencePoint vc="0" uspid="14" ordinal="0" offset="0" sl="9" sc="9" el="9" ec="10" bec="0" bev="0" fileid="2" />
                <SequencePoint vc="0" uspid="15" ordinal="1" offset="1" sl="10" sc="13" el="10" ec="115" bec="0" bev="0" fileid="2" />
                <SequencePoint vc="0" uspid="16" ordinal="2" offset="16" sl="11" sc="9" el="11" ec="10" bec="0" bev="0" fileid="2" />
              </SequencePoints>
              <BranchPoints />
              <MethodPoint xsi:type="SequencePoint" vc="0" uspid="14" ordinal="0" offset="0" sl="9" sc="9" el="9" ec="10" bec="0" bev="0" fileid="2" />
            </Method>
            <Method visited="true" cyclomaticComplexity="1" nPathComplexity="0" sequenceCoverage="100" branchCoverage="100" isConstructor="false" isStatic="false" isGetter="false" isSetter="false">
              <Summary numSequencePoints="3" visitedSequencePoints="3" numBranchPoints="1" visitedBranchPoints="1" sequenceCoverage="100" branchCoverage="100" maxCyclomaticComplexity="1" minCyclomaticComplexity="1" visitedClasses="0" numClasses="0" visitedMethods="1" numMethods="1" />
              <MetadataToken>100663299</MetadataToken>
              <Name>System.String OpenInApp.Common.Helpers.ApplicationToOpenHelper::GetSecondaryFilePathSegment(OpenInApp.Common.Helpers.KeyToExecutableEnum)</Name>
              <FileRef uid="2" />
              <SequencePoints>
                <SequencePoint vc="20" uspid="17" ordinal="0" offset="0" sl="14" sc="9" el="14" ec="10" bec="0" bev="0" fileid="2" />
                <SequencePoint vc="20" uspid="18" ordinal="1" offset="1" sl="15" sc="13" el="15" ec="90" bec="0" bev="0" fileid="2" />
                <SequencePoint vc="20" uspid="19" ordinal="2" offset="16" sl="16" sc="9" el="16" ec="10" bec="0" bev="0" fileid="2" />
              </SequencePoints>
              <BranchPoints />
              <MethodPoint xsi:type="SequencePoint" vc="20" uspid="17" ordinal="0" offset="0" sl="14" sc="9" el="14" ec="10" bec="0" bev="0" fileid="2" />
            </Method>
            <Method visited="true" cyclomaticComplexity="1" nPathComplexity="0" sequenceCoverage="100" branchCoverage="100" isConstructor="false" isStatic="false" isGetter="false" isSetter="false">
              <Summary numSequencePoints="3" visitedSequencePoints="3" numBranchPoints="1" visitedBranchPoints="1" sequenceCoverage="100" branchCoverage="100" maxCyclomaticComplexity="1" minCyclomaticComplexity="1" visitedClasses="0" numClasses="0" visitedMethods="1" numMethods="1" />
              <MetadataToken>100663300</MetadataToken>
              <Name>System.Boolean OpenInApp.Common.Helpers.ApplicationToOpenHelper::GetSecondaryFilePathSegmentHasMultipleVersions(OpenInApp.Common.Helpers.KeyToExecutableEnum)</Name>
              <FileRef uid="2" />
              <SequencePoints>
                <SequencePoint vc="20" uspid="20" ordinal="0" offset="0" sl="19" sc="9" el="19" ec="10" bec="0" bev="0" fileid="2" />
                <SequencePoint vc="20" uspid="21" ordinal="1" offset="1" sl="20" sc="13" el="20" ec="109" bec="0" bev="0" fileid="2" />
                <SequencePoint vc="20" uspid="22" ordinal="2" offset="16" sl="21" sc="9" el="21" ec="10" bec="0" bev="0" fileid="2" />
              </SequencePoints>
              <BranchPoints />
              <MethodPoint xsi:type="SequencePoint" vc="20" uspid="20" ordinal="0" offset="0" sl="19" sc="9" el="19" ec="10" bec="0" bev="0" fileid="2" />
            </Method>
            <Method visited="true" cyclomaticComplexity="1" nPathComplexity="0" sequenceCoverage="100" branchCoverage="100" isConstructor="false" isStatic="false" isGetter="false" isSetter="false">
              <Summary numSequencePoints="3" visitedSequencePoints="3" numBranchPoints="1" visitedBranchPoints="1" sequenceCoverage="100" branchCoverage="100" maxCyclomaticComplexity="1" minCyclomaticComplexity="1" visitedClasses="0" numClasses="0" visitedMethods="1" numMethods="1" />
              <MetadataToken>100663301</MetadataToken>
              <Name>System.Collections.Generic.IEnumerable`1&lt;System.String&gt; OpenInApp.Common.Helpers.ApplicationToOpenHelper::GetExecutableFilesToBrowseFor(OpenInApp.Common.Helpers.KeyToExecutableEnum)</Name>
              <FileRef uid="2" />
              <SequencePoints>
                <SequencePoint vc="20" uspid="23" ordinal="0" offset="0" sl="24" sc="9" el="24" ec="10" bec="0" bev="0" fileid="2" />
                <SequencePoint vc="20" uspid="24" ordinal="1" offset="1" sl="25" sc="13" el="25" ec="92" bec="0" bev="0" fileid="2" />
                <SequencePoint vc="20" uspid="25" ordinal="2" offset="16" sl="26" sc="9" el="26" ec="10" bec="0" bev="0" fileid="2" />
              </SequencePoints>
              <BranchPoints />
              <MethodPoint xsi:type="SequencePoint" vc="20" uspid="23" ordinal="0" offset="0" sl="24" sc="9" el="24" ec="10" bec="0" bev="0" fileid="2" />
            </Method>
            <Method visited="true" cyclomaticComplexity="25" nPathComplexity="24" sequenceCoverage="84.71" branchCoverage="84" isConstructor="false" isStatic="false" isGetter="false" isSetter="false">
              <Summary numSequencePoints="85" visitedSequencePoints="72" numBranchPoints="25" visitedBranchPoints="21" sequenceCoverage="84.71" branchCoverage="84" maxCyclomaticComplexity="25" minCyclomaticComplexity="25" visitedClasses="0" numClasses="0" visitedMethods="1" numMethods="1" />
              <MetadataToken>100663302</MetadataToken>
              <Name>OpenInApp.Common.Helpers.Dtos.ApplicationToOpenDto OpenInApp.Common.Helpers.ApplicationToOpenHelper::GetApplicationToOpenDto(OpenInApp.Common.Helpers.KeyToExecutableEnum)</Name>
              <FileRef uid="2" />
              <SequencePoints>
                <SequencePoint vc="60" uspid="26" ordinal="0" offset="0" sl="29" sc="9" el="29" ec="10" bec="0" bev="0" fileid="2" />
                <SequencePoint vc="60" uspid="27" ordinal="1" offset="1" sl="30" sc="13" el="40" ec="15" bec="0" bev="0" fileid="2" />
                <SequencePoint vc="60" uspid="28" ordinal="2" offset="109" sl="42" sc="13" el="42" ec="41" bec="24" bev="20" fileid="2" />
                <SequencePoint vc="0" uspid="29" ordinal="3" offset="214" sl="45" sc="21" el="45" ec="89" bec="0" bev="0" fileid="2" />
                <SequencePoint vc="0" uspid="30" ordinal="4" offset="222" sl="46" sc="21" el="46" ec="83" bec="0" bev="0" fileid="2" />
                <SequencePoint vc="0" uspid="31" ordinal="5" offset="234" sl="47" sc="21" el="47" ec="27" bec="0" bev="0" fileid="2" />
                <SequencePoint vc="3" uspid="32" ordinal="6" offset="239" sl="49" sc="21" el="49" ec="90" bec="0" bev="0" fileid="2" />
                <SequencePoint vc="3" uspid="33" ordinal="7" offset="251" sl="50" sc="21" el="50" ec="93" bec="0" bev="0" fileid="2" />
                <SequencePoint vc="3" uspid="34" ordinal="8" offset="259" sl="51" sc="21" el="126" ec="15" bec="0" bev="0" fileid="2" />
                <SequencePoint vc="3" uspid="35" ordinal="9" offset="1111" sl="127" sc="21" el="127" ec="27" bec="0" bev="0" fileid="2" />
                <SequencePoint vc="3" uspid="36" ordinal="10" offset="1116" sl="129" sc="21" el="129" ec="102" bec="0" bev="0" fileid="2" />
                <SequencePoint vc="3" uspid="37" ordinal="11" offset="1128" sl="131" sc="21" el="131" ec="27" bec="0" bev="0" fileid="2" />
                <SequencePoint vc="3" uspid="38" ordinal="12" offset="1133" sl="133" sc="21" el="133" ec="74" bec="0" bev="0" fileid="2" />
                <SequencePoint vc="3" uspid="39" ordinal="13" offset="1141" sl="135" sc="21" el="135" ec="27" bec="0" bev="0" fileid="2" />
                <SequencePoint vc="3" uspid="40" ordinal="14" offset="1146" sl="137" sc="21" el="137" ec="97" bec="0" bev="0" fileid="2" />
                <SequencePoint vc="3" uspid="41" ordinal="15" offset="1158" sl="138" sc="21" el="138" ec="27" bec="0" bev="0" fileid="2" />
                <SequencePoint vc="3" uspid="42" ordinal="16" offset="1163" sl="140" sc="21" el="140" ec="83" bec="0" bev="0" fileid="2" />
                <SequencePoint vc="3" uspid="43" ordinal="17" offset="1175" sl="141" sc="21" el="185" ec="23" bec="0" bev="0" fileid="2" />
                <SequencePoint vc="3" uspid="44" ordinal="18" offset="1643" sl="186" sc="21" el="186" ec="99" bec="0" bev="0" fileid="2" />
                <SequencePoint vc="3" uspid="45" ordinal="19" offset="1656" sl="187" sc="21" el="187" ec="27" bec="0" bev="0" fileid="2" />
                <SequencePoint vc="3" uspid="46" ordinal="20" offset="1661" sl="189" sc="21" el="189" ec="89" bec="0" bev="0" fileid="2" />
                <SequencePoint vc="3" uspid="47" ordinal="21" offset="1673" sl="190" sc="21" el="190" ec="99" bec="0" bev="0" fileid="2" />
                <SequencePoint vc="3" uspid="48" ordinal="22" offset="1697" sl="191" sc="21" el="191" ec="27" bec="0" bev="0" fileid="2" />
                <SequencePoint vc="3" uspid="49" ordinal="23" offset="1702" sl="193" sc="21" el="193" ec="80" bec="0" bev="0" fileid="2" />
                <SequencePoint vc="3" uspid="50" ordinal="24" offset="1714" sl="195" sc="21" el="195" ec="66" bec="0" bev="0" fileid="2" />
                <SequencePoint vc="3" uspid="51" ordinal="25" offset="1722" sl="196" sc="21" el="211" ec="23" bec="0" bev="0" fileid="2" />
                <SequencePoint vc="3" uspid="52" ordinal="26" offset="1866" sl="212" sc="21" el="212" ec="99" bec="0" bev="0" fileid="2" />
                <SequencePoint vc="3" uspid="53" ordinal="27" offset="1879" sl="213" sc="21" el="213" ec="27" bec="0" bev="0" fileid="2" />
                <SequencePoint vc="3" uspid="54" ordinal="28" offset="1884" sl="216" sc="21" el="216" ec="78" bec="0" bev="0" fileid="2" />
                <SequencePoint vc="3" uspid="55" ordinal="29" offset="1896" sl="217" sc="21" el="217" ec="120" bec="0" bev="0" fileid="2" />
                <SequencePoint vc="3" uspid="56" ordinal="30" offset="1932" sl="218" sc="21" el="218" ec="27" bec="0" bev="0" fileid="2" />
                <SequencePoint vc="3" uspid="57" ordinal="31" offset="1937" sl="220" sc="21" el="220" ec="88" bec="0" bev="0" fileid="2" />
                <SequencePoint vc="3" uspid="58" ordinal="32" offset="1949" sl="221" sc="21" el="221" ec="27" bec="0" bev="0" fileid="2" />
                <SequencePoint vc="3" uspid="59" ordinal="33" offset="1954" sl="223" sc="21" el="223" ec="82" bec="0" bev="0" fileid="2" />
                <SequencePoint vc="3" uspid="60" ordinal="34" offset="1966" sl="224" sc="21" el="238" ec="23" bec="0" bev="0" fileid="2" />
                <SequencePoint vc="3" uspid="61" ordinal="35" offset="2086" sl="239" sc="21" el="239" ec="99" bec="0" bev="0" fileid="2" />
                <SequencePoint vc="3" uspid="62" ordinal="36" offset="2099" sl="240" sc="21" el="240" ec="27" bec="0" bev="0" fileid="2" />
                <SequencePoint vc="0" uspid="63" ordinal="37" offset="2104" sl="242" sc="21" el="242" ec="126" bec="0" bev="0" fileid="2" />
                <SequencePoint vc="0" uspid="64" ordinal="38" offset="2116" sl="243" sc="21" el="243" ec="93" bec="0" bev="0" fileid="2" />
                <SequencePoint vc="0" uspid="65" ordinal="39" offset="2124" sl="244" sc="21" el="244" ec="130" bec="0" bev="0" fileid="2" />
                <SequencePoint vc="0" uspid="66" ordinal="40" offset="2172" sl="245" sc="21" el="245" ec="27" bec="0" bev="0" fileid="2" />
                <SequencePoint vc="3" uspid="67" ordinal="41" offset="2177" sl="247" sc="21" el="247" ec="89" bec="0" bev="0" fileid="2" />
                <SequencePoint vc="3" uspid="68" ordinal="42" offset="2185" sl="248" sc="21" el="248" ec="99" bec="0" bev="0" fileid="2" />
                <SequencePoint vc="3" uspid="69" ordinal="43" offset="2197" sl="249" sc="21" el="249" ec="100" bec="0" bev="0" fileid="2" />
                <SequencePoint vc="3" uspid="70" ordinal="44" offset="2210" sl="250" sc="21" el="250" ec="27" bec="0" bev="0" fileid="2" />
                <SequencePoint vc="3" uspid="71" ordinal="45" offset="2215" sl="252" sc="21" el="252" ec="89" bec="0" bev="0" fileid="2" />
                <SequencePoint vc="3" uspid="72" ordinal="46" offset="2223" sl="253" sc="21" el="253" ec="94" bec="0" bev="0" fileid="2" />
                <SequencePoint vc="3" uspid="73" ordinal="47" offset="2235" sl="254" sc="21" el="254" ec="100" bec="0" bev="0" fileid="2" />
                <SequencePoint vc="3" uspid="74" ordinal="48" offset="2248" sl="255" sc="21" el="255" ec="27" bec="0" bev="0" fileid="2" />
                <SequencePoint vc="3" uspid="75" ordinal="49" offset="2253" sl="257" sc="21" el="257" ec="92" bec="0" bev="0" fileid="2" />
                <SequencePoint vc="3" uspid="76" ordinal="50" offset="2265" sl="259" sc="21" el="259" ec="27" bec="0" bev="0" fileid="2" />
                <SequencePoint vc="3" uspid="77" ordinal="51" offset="2270" sl="261" sc="21" el="261" ec="105" bec="0" bev="0" fileid="2" />
                <SequencePoint vc="3" uspid="78" ordinal="52" offset="2294" sl="262" sc="21" el="262" ec="113" bec="0" bev="0" fileid="2" />
                <SequencePoint vc="3" uspid="79" ordinal="53" offset="2306" sl="263" sc="21" el="263" ec="66" bec="0" bev="0" fileid="2" />
                <SequencePoint vc="3" uspid="80" ordinal="54" offset="2314" sl="264" sc="21" el="264" ec="27" bec="0" bev="0" fileid="2" />
                <SequencePoint vc="3" uspid="81" ordinal="55" offset="2319" sl="266" sc="21" el="266" ec="105" bec="0" bev="0" fileid="2" />
                <SequencePoint vc="3" uspid="82" ordinal="56" offset="2343" sl="267" sc="21" el="267" ec="113" bec="0" bev="0" fileid="2" />
                <SequencePoint vc="3" uspid="83" ordinal="57" offset="2355" sl="268" sc="21" el="268" ec="66" bec="0" bev="0" fileid="2" />
                <SequencePoint vc="3" uspid="84" ordinal="58" offset="2363" sl="269" sc="21" el="269" ec="27" bec="0" bev="0" fileid="2" />
                <SequencePoint vc="3" uspid="85" ordinal="59" offset="2368" sl="271" sc="21" el="271" ec="105" bec="0" bev="0" fileid="2" />
                <SequencePoint vc="3" uspid="86" ordinal="60" offset="2392" sl="272" sc="21" el="272" ec="113" bec="0" bev="0" fileid="2" />
                <SequencePoint vc="3" uspid="87" ordinal="61" offset="2404" sl="273" sc="21" el="273" ec="66" bec="0" bev="0" fileid="2" />
                <SequencePoint vc="3" uspid="88" ordinal="62" offset="2412" sl="274" sc="21" el="274" ec="27" bec="0" bev="0" fileid="2" />
                <SequencePoint vc="3" uspid="89" ordinal="63" offset="2417" sl="276" sc="21" el="276" ec="105" bec="0" bev="0" fileid="2" />
                <SequencePoint vc="3" uspid="90" ordinal="64" offset="2441" sl="277" sc="21" el="277" ec="123" bec="0" bev="0" fileid="2" />
                <SequencePoint vc="3" uspid="91" ordinal="65" offset="2453" sl="278" sc="21" el="278" ec="66" bec="0" bev="0" fileid="2" />
                <SequencePoint vc="3" uspid="92" ordinal="66" offset="2461" sl="279" sc="21" el="279" ec="27" bec="0" bev="0" fileid="2" />
                <SequencePoint vc="3" uspid="93" ordinal="67" offset="2466" sl="281" sc="21" el="281" ec="105" bec="0" bev="0" fileid="2" />
                <SequencePoint vc="3" uspid="94" ordinal="68" offset="2490" sl="282" sc="21" el="282" ec="124" bec="0" bev="0" fileid="2" />
                <SequencePoint vc="3" uspid="95" ordinal="69" offset="2502" sl="283" sc="21" el="283" ec="66" bec="0" bev="0" fileid="2" />
                <SequencePoint vc="3" uspid="96" ordinal="70" offset="2510" sl="284" sc="21" el="284" ec="27" bec="0" bev="0" fileid="2" />
                <SequencePoint vc="3" uspid="97" ordinal="71" offset="2512" sl="286" sc="21" el="286" ec="105" bec="0" bev="0" fileid="2" />
                <SequencePoint vc="3" uspid="98" ordinal="72" offset="2536" sl="287" sc="21" el="287" ec="126" bec="0" bev="0" fileid="2" />
                <SequencePoint vc="3" uspid="99" ordinal="73" offset="2548" sl="288" sc="21" el="288" ec="66" bec="0" bev="0" fileid="2" />
                <SequencePoint vc="3" uspid="100" ordinal="74" offset="2556" sl="289" sc="21" el="289" ec="27" bec="0" bev="0" fileid="2" />
                <SequencePoint vc="0" uspid="101" ordinal="75" offset="2558" sl="291" sc="21" el="291" ec="89" bec="0" bev="0" fileid="2" />
                <SequencePoint vc="0" uspid="102" ordinal="76" offset="2566" sl="292" sc="21" el="292" ec="83" bec="0" bev="0" fileid="2" />
                <SequencePoint vc="0" uspid="103" ordinal="77" offset="2578" sl="293" sc="21" el="293" ec="100" bec="0" bev="0" fileid="2" />
                <SequencePoint vc="0" uspid="104" ordinal="78" offset="2591" sl="294" sc="21" el="294" ec="27" bec="0" bev="0" fileid="2" />
                <SequencePoint vc="3" uspid="105" ordinal="79" offset="2593" sl="296" sc="21" el="296" ec="91" bec="0" bev="0" fileid="2" />
                <SequencePoint vc="3" uspid="106" ordinal="80" offset="2605" sl="297" sc="21" el="297" ec="27" bec="0" bev="0" fileid="2" />
                <SequencePoint vc="0" uspid="107" ordinal="81" offset="2607" sl="299" sc="21" el="299" ec="74" bec="0" bev="0" fileid="2" />
                <SequencePoint vc="0" uspid="108" ordinal="82" offset="2615" sl="301" sc="21" el="301" ec="27" bec="0" bev="0" fileid="2" />
                <SequencePoint vc="60" uspid="109" ordinal="83" offset="2617" sl="304" sc="13" el="304" ec="41" bec="0" bev="0" fileid="2" />
                <SequencePoint vc="60" uspid="110" ordinal="84" offset="2621" sl="305" sc="9" el="305" ec="10" bec="0" bev="0" fileid="2" />
              </SequencePoints>
              <BranchPoints>
                <BranchPoint vc="0" uspid="111" ordinal="0" offset="112" sl="42" path="0" offsetchain="209" offsetend="2607" fileid="2" />
                <BranchPoint vc="0" uspid="112" ordinal="1" offset="112" sl="42" path="1" offsetend="214" fileid="2" />
                <BranchPoint vc="3" uspid="113" ordinal="2" offset="112" sl="42" path="2" offsetend="239" fileid="2" />
                <BranchPoint vc="3" uspid="114" ordinal="3" offset="112" sl="42" path="3" offsetend="1116" fileid="2" />
                <BranchPoint vc="3" uspid="115" ordinal="4" offset="112" sl="42" path="4" offsetend="1133" fileid="2" />
                <BranchPoint vc="3" uspid="116" ordinal="5" offset="112" sl="42" path="5" offsetend="1146" fileid="2" />
                <BranchPoint vc="3" uspid="117" ordinal="6" offset="112" sl="42" path="6" offsetend="1163" fileid="2" />
                <BranchPoint vc="3" uspid="118" ordinal="7" offset="112" sl="42" path="7" offsetend="1661" fileid="2" />
                <BranchPoint vc="3" uspid="119" ordinal="8" offset="112" sl="42" path="8" offsetend="1702" fileid="2" />
                <BranchPoint vc="3" uspid="120" ordinal="9" offset="112" sl="42" path="9" offsetend="1884" fileid="2" />
                <BranchPoint vc="3" uspid="121" ordinal="10" offset="112" sl="42" path="10" offsetend="1937" fileid="2" />
                <BranchPoint vc="3" uspid="122" ordinal="11" offset="112" sl="42" path="11" offsetend="1954" fileid="2" />
                <BranchPoint vc="0" uspid="123" ordinal="12" offset="112" sl="42" path="12" offsetend="2104" fileid="2" />
                <BranchPoint vc="3" uspid="124" ordinal="13" offset="112" sl="42" path="13" offsetend="2177" fileid="2" />
                <BranchPoint vc="3" uspid="125" ordinal="14" offset="112" sl="42" path="14" offsetend="2215" fileid="2" />
                <BranchPoint vc="3" uspid="126" ordinal="15" offset="112" sl="42" path="15" offsetend="2253" fileid="2" />
                <BranchPoint vc="3" uspid="127" ordinal="16" offset="112" sl="42" path="16" offsetend="2270" fileid="2" />
                <BranchPoint vc="3" uspid="128" ordinal="17" offset="112" sl="42" path="17" offsetend="2319" fileid="2" />
                <BranchPoint vc="3" uspid="129" ordinal="18" offset="112" sl="42" path="18" offsetend="2368" fileid="2" />
                <BranchPoint vc="3" uspid="130" ordinal="19" offset="112" sl="42" path="19" offsetend="2417" fileid="2" />
                <BranchPoint vc="3" uspid="131" ordinal="20" offset="112" sl="42" path="20" offsetend="2466" fileid="2" />
                <BranchPoint vc="3" uspid="132" ordinal="21" offset="112" sl="42" path="21" offsetend="2512" fileid="2" />
                <BranchPoint vc="0" uspid="133" ordinal="22" offset="112" sl="42" path="22" offsetend="2558" fileid="2" />
                <BranchPoint vc="3" uspid="134" ordinal="23" offset="112" sl="42" path="23" offsetend="2593" fileid="2" />
              </BranchPoints>
              <MethodPoint xsi:type="SequencePoint" vc="60" uspid="26" ordinal="0" offset="0" sl="29" sc="9" el="29" ec="10" bec="0" bev="0" fileid="2" />
            </Method>
            <Method visited="true" cyclomaticComplexity="1" nPathComplexity="0" sequenceCoverage="0" branchCoverage="0" isConstructor="true" isStatic="false" isGetter="false" isSetter="false">
              <Summary numSequencePoints="0" visitedSequencePoints="0" numBranchPoints="0" visitedBranchPoints="0" sequenceCoverage="0" branchCoverage="0" maxCyclomaticComplexity="1" minCyclomaticComplexity="1" visitedClasses="0" numClasses="0" visitedMethods="0" numMethods="0" />
              <MetadataToken>100663303</MetadataToken>
              <Name>System.Void OpenInApp.Common.Helpers.ApplicationToOpenHelper::.ctor()</Name>
              <SequencePoints />
              <BranchPoints />
              <MethodPoint vc="20" uspid="135" ordinal="0" offset="0" />
            </Method>
          </Methods>
        </Class>
        <Class>
          <Summary numSequencePoints="30" visitedSequencePoints="17" numBranchPoints="12" visitedBranchPoints="3" sequenceCoverage="56.67" branchCoverage="25" maxCyclomaticComplexity="8" minCyclomaticComplexity="1" visitedClasses="1" numClasses="1" visitedMethods="2" numMethods="2" />
          <FullName>OpenInApp.Common.Helpers.ArtefactsHelper</FullName>
          <Methods>
            <Method visited="true" cyclomaticComplexity="1" nPathComplexity="0" sequenceCoverage="100" branchCoverage="100" isConstructor="false" isStatic="true" isGetter="false" isSetter="false">
              <Summary numSequencePoints="3" visitedSequencePoints="3" numBranchPoints="1" visitedBranchPoints="1" sequenceCoverage="100" branchCoverage="100" maxCyclomaticComplexity="1" minCyclomaticComplexity="1" visitedClasses="0" numClasses="0" visitedMethods="1" numMethods="1" />
              <MetadataToken>100663304</MetadataToken>
              <Name>System.Boolean OpenInApp.Common.Helpers.ArtefactsHelper::DoesActualPathToExeExist(System.String)</Name>
              <FileRef uid="3" />
              <SequencePoints>
                <SequencePoint vc="1" uspid="136" ordinal="0" offset="0" sl="15" sc="9" el="15" ec="10" bec="0" bev="0" fileid="3" />
                <SequencePoint vc="1" uspid="137" ordinal="1" offset="1" sl="16" sc="13" el="16" ec="82" bec="0" bev="0" fileid="3" />
                <SequencePoint vc="1" uspid="138" ordinal="2" offset="23" sl="17" sc="9" el="17" ec="10" bec="0" bev="0" fileid="3" />
              </SequencePoints>
              <BranchPoints />
              <MethodPoint xsi:type="SequencePoint" vc="1" uspid="136" ordinal="0" offset="0" sl="15" sc="9" el="15" ec="10" bec="0" bev="0" fileid="3" />
            </Method>
            <Method visited="true" cyclomaticComplexity="8" nPathComplexity="32" sequenceCoverage="51.85" branchCoverage="18.18" isConstructor="false" isStatic="true" isGetter="false" isSetter="false">
              <Summary numSequencePoints="27" visitedSequencePoints="14" numBranchPoints="11" visitedBranchPoints="2" sequenceCoverage="51.85" branchCoverage="18.18" maxCyclomaticComplexity="8" minCyclomaticComplexity="8" visitedClasses="0" numClasses="0" visitedMethods="1" numMethods="1" />
              <MetadataToken>100663305</MetadataToken>
              <Name>System.Boolean OpenInApp.Common.Helpers.ArtefactsHelper::DoArtefactsExist(System.Collections.Generic.IEnumerable`1&lt;System.String&gt;,OpenInApp.Common.Helpers.Dtos.ArtefactTypeToOpen)</Name>
              <FileRef uid="3" />
              <SequencePoints>
                <SequencePoint vc="1" uspid="139" ordinal="0" offset="0" sl="25" sc="9" el="25" ec="10" bec="0" bev="0" fileid="3" />
                <SequencePoint vc="1" uspid="140" ordinal="1" offset="1" sl="26" sc="13" el="26" ec="31" bec="0" bev="0" fileid="3" />
                <SequencePoint vc="1" uspid="141" ordinal="2" offset="3" sl="28" sc="13" el="28" ec="20" bec="0" bev="0" fileid="3" />
                <SequencePoint vc="1" uspid="142" ordinal="3" offset="4" sl="28" sc="46" el="28" ec="63" bec="0" bev="0" fileid="3" />
                <SequencePoint vc="1" uspid="143" ordinal="4" offset="13" sl="28" sc="22" el="28" ec="42" bec="0" bev="0" fileid="3" />
                <SequencePoint vc="1" uspid="144" ordinal="5" offset="20" sl="29" sc="13" el="29" ec="14" bec="0" bev="0" fileid="3" />
                <SequencePoint vc="1" uspid="145" ordinal="6" offset="21" sl="30" sc="17" el="30" ec="60" bec="2" bev="1" fileid="3" />
                <SequencePoint vc="1" uspid="146" ordinal="7" offset="31" sl="31" sc="17" el="31" ec="18" bec="0" bev="0" fileid="3" />
                <SequencePoint vc="1" uspid="147" ordinal="8" offset="32" sl="32" sc="21" el="32" ec="36" bec="0" bev="0" fileid="3" />
                <SequencePoint vc="1" uspid="148" ordinal="9" offset="34" sl="33" sc="17" el="33" ec="18" bec="0" bev="0" fileid="3" />
                <SequencePoint vc="0" uspid="149" ordinal="10" offset="37" sl="35" sc="17" el="35" ec="18" bec="0" bev="0" fileid="3" />
                <SequencePoint vc="0" uspid="150" ordinal="11" offset="38" sl="36" sc="21" el="36" ec="48" bec="4" bev="0" fileid="3" />
                <SequencePoint vc="0" uspid="151" ordinal="12" offset="55" sl="39" sc="29" el="39" ec="64" bec="2" bev="0" fileid="3" />
                <SequencePoint vc="0" uspid="152" ordinal="13" offset="70" sl="40" sc="29" el="40" ec="30" bec="0" bev="0" fileid="3" />
                <SequencePoint vc="0" uspid="153" ordinal="14" offset="71" sl="41" sc="33" el="41" ec="48" bec="0" bev="0" fileid="3" />
                <SequencePoint vc="0" uspid="154" ordinal="15" offset="73" sl="42" sc="29" el="42" ec="30" bec="0" bev="0" fileid="3" />
                <SequencePoint vc="0" uspid="155" ordinal="16" offset="74" sl="43" sc="29" el="43" ec="35" bec="0" bev="0" fileid="3" />
                <SequencePoint vc="0" uspid="156" ordinal="17" offset="76" sl="45" sc="29" el="45" ec="69" bec="2" bev="0" fileid="3" />
                <SequencePoint vc="0" uspid="157" ordinal="18" offset="91" sl="46" sc="29" el="46" ec="30" bec="0" bev="0" fileid="3" />
                <SequencePoint vc="0" uspid="158" ordinal="19" offset="92" sl="47" sc="33" el="47" ec="48" bec="0" bev="0" fileid="3" />
                <SequencePoint vc="0" uspid="159" ordinal="20" offset="94" sl="48" sc="29" el="48" ec="30" bec="0" bev="0" fileid="3" />
                <SequencePoint vc="0" uspid="160" ordinal="21" offset="95" sl="49" sc="29" el="49" ec="35" bec="0" bev="0" fileid="3" />
                <SequencePoint vc="0" uspid="161" ordinal="22" offset="97" sl="51" sc="17" el="51" ec="18" bec="0" bev="0" fileid="3" />
                <SequencePoint vc="1" uspid="162" ordinal="23" offset="98" sl="52" sc="13" el="52" ec="14" bec="0" bev="0" fileid="3" />
                <SequencePoint vc="2" uspid="163" ordinal="24" offset="99" sl="28" sc="43" el="28" ec="45" bec="0" bev="0" fileid="3" />
                <SequencePoint vc="1" uspid="164" ordinal="25" offset="120" sl="54" sc="13" el="54" ec="27" bec="0" bev="0" fileid="3" />
                <SequencePoint vc="1" uspid="165" ordinal="26" offset="125" sl="55" sc="9" el="55" ec="10" bec="0" bev="0" fileid="3" />
              </SequencePoints>
              <BranchPoints>
                <BranchPoint vc="1" uspid="166" ordinal="0" offset="29" sl="30" path="0" offsetend="31" fileid="3" />
                <BranchPoint vc="0" uspid="167" ordinal="1" offset="29" sl="30" path="1" offsetend="37" fileid="3" />
                <BranchPoint vc="0" uspid="168" ordinal="2" offset="44" sl="36" path="0" offsetchain="46" offsetend="48" fileid="3" />
                <BranchPoint vc="0" uspid="169" ordinal="3" offset="44" sl="36" path="1" offsetend="55" fileid="3" />
                <BranchPoint vc="0" uspid="170" ordinal="4" offset="51" sl="36" path="0" offsetchain="53" offsetend="97" fileid="3" />
                <BranchPoint vc="0" uspid="171" ordinal="5" offset="51" sl="36" path="1" offsetend="76" fileid="3" />
                <BranchPoint vc="0" uspid="172" ordinal="6" offset="68" sl="39" path="0" offsetend="70" fileid="3" />
                <BranchPoint vc="0" uspid="173" ordinal="7" offset="68" sl="39" path="1" offsetchain="74" offsetend="97" fileid="3" />
                <BranchPoint vc="0" uspid="174" ordinal="8" offset="89" sl="45" path="0" offsetend="91" fileid="3" />
                <BranchPoint vc="0" uspid="175" ordinal="9" offset="89" sl="45" path="1" offsetchain="95" offsetend="97" fileid="3" />
              </BranchPoints>
              <MethodPoint xsi:type="SequencePoint" vc="1" uspid="139" ordinal="0" offset="0" sl="25" sc="9" el="25" ec="10" bec="0" bev="0" fileid="3" />
            </Method>
          </Methods>
        </Class>
        <Class>
          <Summary numSequencePoints="165" visitedSequencePoints="0" numBranchPoints="27" visitedBranchPoints="0" sequenceCoverage="0" branchCoverage="0" maxCyclomaticComplexity="11" minCyclomaticComplexity="1" visitedClasses="0" numClasses="1" visitedMethods="0" numMethods="10" />
          <FullName>OpenInApp.Common.Helpers.ArtefactsToOpenHelper</FullName>
          <Methods>
            <Method visited="false" cyclomaticComplexity="9" nPathComplexity="40" sequenceCoverage="0" branchCoverage="0" isConstructor="false" isStatic="true" isGetter="false" isSetter="false">
              <Summary numSequencePoints="39" visitedSequencePoints="0" numBranchPoints="12" visitedBranchPoints="0" sequenceCoverage="0" branchCoverage="0" maxCyclomaticComplexity="9" minCyclomaticComplexity="9" visitedClasses="0" numClasses="0" visitedMethods="0" numMethods="1" />
              <MetadataToken>100663306</MetadataToken>
              <Name>OpenInApp.Common.Helpers.Dtos.ArtefactsToBeOpened OpenInApp.Common.Helpers.ArtefactsToOpenHelper::GetArtefactsToBeOpened(EnvDTE80.DTE2,System.String,OpenInApp.Common.Helpers.Dtos.CommandPlacement,OpenInApp.Common.Helpers.KeyToExecutableEnum)</Name>
              <FileRef uid="4" />
              <SequencePoints>
                <SequencePoint vc="0" uspid="178" ordinal="0" offset="0" sl="13" sc="9" el="13" ec="10" bec="0" bev="0" fileid="4" />
                <SequencePoint vc="0" uspid="179" ordinal="1" offset="1" sl="14" sc="13" el="14" ec="104" bec="0" bev="0" fileid="4" />
                <SequencePoint vc="0" uspid="180" ordinal="2" offset="8" sl="16" sc="13" el="20" ec="15" bec="0" bev="0" fileid="4" />
                <SequencePoint vc="0" uspid="181" ordinal="3" offset="38" sl="22" sc="13" el="22" ec="89" bec="0" bev="0" fileid="4" />
                <SequencePoint vc="0" uspid="182" ordinal="4" offset="46" sl="24" sc="13" el="24" ec="38" bec="5" bev="0" fileid="4" />
                <SequencePoint vc="0" uspid="183" ordinal="5" offset="75" sl="27" sc="21" el="27" ec="71" bec="0" bev="0" fileid="4" />
                <SequencePoint vc="0" uspid="184" ordinal="6" offset="83" sl="28" sc="21" el="28" ec="58" bec="0" bev="0" fileid="4" />
                <SequencePoint vc="0" uspid="185" ordinal="7" offset="97" sl="29" sc="21" el="29" ec="27" bec="0" bev="0" fileid="4" />
                <SequencePoint vc="0" uspid="186" ordinal="8" offset="102" sl="31" sc="21" el="31" ec="40" bec="2" bev="0" fileid="4" />
                <SequencePoint vc="0" uspid="187" ordinal="9" offset="109" sl="32" sc="21" el="32" ec="22" bec="0" bev="0" fileid="4" />
                <SequencePoint vc="0" uspid="188" ordinal="10" offset="110" sl="33" sc="25" el="33" ec="70" bec="0" bev="0" fileid="4" />
                <SequencePoint vc="0" uspid="189" ordinal="11" offset="123" sl="34" sc="25" el="34" ec="122" bec="0" bev="0" fileid="4" />
                <SequencePoint vc="0" uspid="190" ordinal="12" offset="142" sl="35" sc="21" el="35" ec="22" bec="0" bev="0" fileid="4" />
                <SequencePoint vc="0" uspid="191" ordinal="13" offset="145" sl="37" sc="21" el="37" ec="22" bec="0" bev="0" fileid="4" />
                <SequencePoint vc="0" uspid="192" ordinal="14" offset="146" sl="38" sc="25" el="38" ec="71" bec="0" bev="0" fileid="4" />
                <SequencePoint vc="0" uspid="193" ordinal="15" offset="159" sl="39" sc="21" el="39" ec="22" bec="0" bev="0" fileid="4" />
                <SequencePoint vc="0" uspid="194" ordinal="16" offset="160" sl="40" sc="21" el="40" ec="27" bec="0" bev="0" fileid="4" />
                <SequencePoint vc="0" uspid="195" ordinal="17" offset="162" sl="42" sc="21" el="42" ec="40" bec="2" bev="0" fileid="4" />
                <SequencePoint vc="0" uspid="196" ordinal="18" offset="169" sl="43" sc="21" el="43" ec="22" bec="0" bev="0" fileid="4" />
                <SequencePoint vc="0" uspid="197" ordinal="19" offset="170" sl="44" sc="25" el="44" ec="64" bec="0" bev="0" fileid="4" />
                <SequencePoint vc="0" uspid="198" ordinal="20" offset="183" sl="45" sc="21" el="45" ec="22" bec="0" bev="0" fileid="4" />
                <SequencePoint vc="0" uspid="199" ordinal="21" offset="186" sl="47" sc="21" el="47" ec="22" bec="0" bev="0" fileid="4" />
                <SequencePoint vc="0" uspid="200" ordinal="22" offset="187" sl="48" sc="25" el="48" ec="75" bec="0" bev="0" fileid="4" />
                <SequencePoint vc="0" uspid="201" ordinal="23" offset="200" sl="49" sc="21" el="49" ec="22" bec="0" bev="0" fileid="4" />
                <SequencePoint vc="0" uspid="202" ordinal="24" offset="201" sl="50" sc="21" el="50" ec="27" bec="0" bev="0" fileid="4" />
                <SequencePoint vc="0" uspid="203" ordinal="25" offset="203" sl="52" sc="21" el="52" ec="40" bec="2" bev="0" fileid="4" />
                <SequencePoint vc="0" uspid="204" ordinal="26" offset="210" sl="53" sc="21" el="53" ec="22" bec="0" bev="0" fileid="4" />
                <SequencePoint vc="0" uspid="205" ordinal="27" offset="211" sl="54" sc="25" el="54" ec="77" bec="0" bev="0" fileid="4" />
                <SequencePoint vc="0" uspid="206" ordinal="28" offset="224" sl="55" sc="25" el="55" ec="122" bec="0" bev="0" fileid="4" />
                <SequencePoint vc="0" uspid="207" ordinal="29" offset="243" sl="56" sc="21" el="56" ec="22" bec="0" bev="0" fileid="4" />
                <SequencePoint vc="0" uspid="208" ordinal="30" offset="246" sl="58" sc="21" el="58" ec="22" bec="0" bev="0" fileid="4" />
                <SequencePoint vc="0" uspid="209" ordinal="31" offset="247" sl="59" sc="25" el="59" ec="78" bec="0" bev="0" fileid="4" />
                <SequencePoint vc="0" uspid="210" ordinal="32" offset="260" sl="60" sc="21" el="60" ec="22" bec="0" bev="0" fileid="4" />
                <SequencePoint vc="0" uspid="211" ordinal="33" offset="261" sl="61" sc="21" el="61" ec="27" bec="0" bev="0" fileid="4" />
                <SequencePoint vc="0" uspid="212" ordinal="34" offset="263" sl="64" sc="21" el="64" ec="27" bec="0" bev="0" fileid="4" />
                <SequencePoint vc="0" uspid="213" ordinal="35" offset="265" sl="67" sc="13" el="67" ec="81" bec="0" bev="0" fileid="4" />
                <SequencePoint vc="0" uspid="214" ordinal="36" offset="288" sl="68" sc="13" el="68" ec="85" bec="0" bev="0" fileid="4" />
                <SequencePoint vc="0" uspid="215" ordinal="37" offset="311" sl="70" sc="13" el="70" ec="27" bec="0" bev="0" fileid="4" />
                <SequencePoint vc="0" uspid="216" ordinal="38" offset="316" sl="71" sc="9" el="71" ec="10" bec="0" bev="0" fileid="4" />
              </SequencePoints>
              <BranchPoints>
                <BranchPoint vc="0" uspid="217" ordinal="0" offset="49" sl="24" path="0" offsetchain="70 263" offsetend="265" fileid="4" />
                <BranchPoint vc="0" uspid="218" ordinal="1" offset="49" sl="24" path="1" offsetend="75" fileid="4" />
                <BranchPoint vc="0" uspid="219" ordinal="2" offset="49" sl="24" path="2" offsetend="102" fileid="4" />
                <BranchPoint vc="0" uspid="220" ordinal="3" offset="49" sl="24" path="3" offsetend="162" fileid="4" />
                <BranchPoint vc="0" uspid="221" ordinal="4" offset="49" sl="24" path="4" offsetend="203" fileid="4" />
                <BranchPoint vc="0" uspid="222" ordinal="5" offset="107" sl="31" path="0" offsetend="109" fileid="4" />
                <BranchPoint vc="0" uspid="223" ordinal="6" offset="107" sl="31" path="1" offsetend="145" fileid="4" />
                <BranchPoint vc="0" uspid="224" ordinal="7" offset="167" sl="42" path="0" offsetend="169" fileid="4" />
                <BranchPoint vc="0" uspid="225" ordinal="8" offset="167" sl="42" path="1" offsetend="186" fileid="4" />
                <BranchPoint vc="0" uspid="226" ordinal="9" offset="208" sl="52" path="0" offsetend="210" fileid="4" />
                <BranchPoint vc="0" uspid="227" ordinal="10" offset="208" sl="52" path="1" offsetend="246" fileid="4" />
              </BranchPoints>
              <MethodPoint xsi:type="SequencePoint" vc="0" uspid="178" ordinal="0" offset="0" sl="13" sc="9" el="13" ec="10" bec="0" bev="0" fileid="4" />
            </Method>
            <Method visited="false" cyclomaticComplexity="1" nPathComplexity="0" sequenceCoverage="0" branchCoverage="0" isConstructor="false" isStatic="true" isGetter="false" isSetter="false">
              <Summary numSequencePoints="4" visitedSequencePoints="0" numBranchPoints="1" visitedBranchPoints="0" sequenceCoverage="0" branchCoverage="0" maxCyclomaticComplexity="1" minCyclomaticComplexity="1" visitedClasses="0" numClasses="0" visitedMethods="0" numMethods="1" />
              <MetadataToken>100663307</MetadataToken>
              <Name>System.String OpenInApp.Common.Helpers.ArtefactsToOpenHelper::GetActiveDocumentArtefactName(EnvDTE80.DTE2)</Name>
              <FileRef uid="4" />
              <SequencePoints>
                <SequencePoint vc="0" uspid="228" ordinal="0" offset="0" sl="74" sc="9" el="74" ec="10" bec="0" bev="0" fileid="4" />
                <SequencePoint vc="0" uspid="229" ordinal="1" offset="1" sl="75" sc="13" el="75" ec="39" bec="0" bev="0" fileid="4" />
                <SequencePoint vc="0" uspid="230" ordinal="2" offset="18" sl="76" sc="13" el="76" ec="48" bec="0" bev="0" fileid="4" />
                <SequencePoint vc="0" uspid="231" ordinal="3" offset="32" sl="77" sc="9" el="77" ec="10" bec="0" bev="0" fileid="4" />
              </SequencePoints>
              <BranchPoints />
              <MethodPoint xsi:type="SequencePoint" vc="0" uspid="228" ordinal="0" offset="0" sl="74" sc="9" el="74" ec="10" bec="0" bev="0" fileid="4" />
            </Method>
            <Method visited="false" cyclomaticComplexity="3" nPathComplexity="0" sequenceCoverage="0" branchCoverage="0" isConstructor="false" isStatic="true" isGetter="false" isSetter="false">
              <Summary numSequencePoints="12" visitedSequencePoints="0" numBranchPoints="1" visitedBranchPoints="0" sequenceCoverage="0" branchCoverage="0" maxCyclomaticComplexity="3" minCyclomaticComplexity="3" visitedClasses="0" numClasses="0" visitedMethods="0" numMethods="1" />
              <MetadataToken>100663308</MetadataToken>
              <Name>System.Collections.Generic.IList`1&lt;System.String&gt; OpenInApp.Common.Helpers.ArtefactsToOpenHelper::GetItems(EnvDTE80.DTE2)</Name>
              <FileRef uid="4" />
              <SequencePoints>
                <SequencePoint vc="0" uspid="232" ordinal="0" offset="0" sl="80" sc="9" el="80" ec="10" bec="0" bev="0" fileid="4" />
                <SequencePoint vc="0" uspid="233" ordinal="1" offset="1" sl="81" sc="13" el="81" ec="45" bec="0" bev="0" fileid="4" />
                <SequencePoint vc="0" uspid="234" ordinal="2" offset="7" sl="82" sc="13" el="82" ec="20" bec="0" bev="0" fileid="4" />
                <SequencePoint vc="0" uspid="235" ordinal="3" offset="8" sl="82" sc="51" el="82" ec="68" bec="0" bev="0" fileid="4" />
                <SequencePoint vc="0" uspid="236" ordinal="4" offset="22" sl="82" sc="22" el="82" ec="47" bec="0" bev="0" fileid="4" />
                <SequencePoint vc="0" uspid="237" ordinal="5" offset="34" sl="83" sc="13" el="83" ec="14" bec="0" bev="0" fileid="4" />
                <SequencePoint vc="0" uspid="238" ordinal="6" offset="35" sl="84" sc="17" el="84" ec="70" bec="0" bev="0" fileid="4" />
                <SequencePoint vc="0" uspid="239" ordinal="7" offset="48" sl="85" sc="17" el="85" ec="38" bec="0" bev="0" fileid="4" />
                <SequencePoint vc="0" uspid="240" ordinal="8" offset="56" sl="86" sc="13" el="86" ec="14" bec="0" bev="0" fileid="4" />
                <SequencePoint vc="0" uspid="241" ordinal="9" offset="57" sl="82" sc="48" el="82" ec="50" bec="0" bev="0" fileid="4" />
                <SequencePoint vc="0" uspid="242" ordinal="10" offset="88" sl="87" sc="13" el="87" ec="27" bec="0" bev="0" fileid="4" />
                <SequencePoint vc="0" uspid="243" ordinal="11" offset="93" sl="88" sc="9" el="88" ec="10" bec="0" bev="0" fileid="4" />
              </SequencePoints>
              <BranchPoints />
              <MethodPoint xsi:type="SequencePoint" vc="0" uspid="232" ordinal="0" offset="0" sl="80" sc="9" el="80" ec="10" bec="0" bev="0" fileid="4" />
            </Method>
            <Method visited="false" cyclomaticComplexity="3" nPathComplexity="0" sequenceCoverage="0" branchCoverage="0" isConstructor="false" isStatic="true" isGetter="false" isSetter="false">
              <Summary numSequencePoints="13" visitedSequencePoints="0" numBranchPoints="1" visitedBranchPoints="0" sequenceCoverage="0" branchCoverage="0" maxCyclomaticComplexity="3" minCyclomaticComplexity="3" visitedClasses="0" numClasses="0" visitedMethods="0" numMethods="1" />
              <MetadataToken>100663309</MetadataToken>
              <Name>System.Collections.Generic.IList`1&lt;System.String&gt; OpenInApp.Common.Helpers.ArtefactsToOpenHelper::GetItemFolderName(EnvDTE80.DTE2)</Name>
              <FileRef uid="4" />
              <SequencePoints>
                <SequencePoint vc="0" uspid="246" ordinal="0" offset="0" sl="91" sc="9" el="91" ec="10" bec="0" bev="0" fileid="4" />
                <SequencePoint vc="0" uspid="247" ordinal="1" offset="1" sl="92" sc="13" el="92" ec="45" bec="0" bev="0" fileid="4" />
                <SequencePoint vc="0" uspid="248" ordinal="2" offset="7" sl="93" sc="13" el="93" ec="20" bec="0" bev="0" fileid="4" />
                <SequencePoint vc="0" uspid="249" ordinal="3" offset="8" sl="93" sc="51" el="93" ec="68" bec="0" bev="0" fileid="4" />
                <SequencePoint vc="0" uspid="250" ordinal="4" offset="22" sl="93" sc="22" el="93" ec="47" bec="0" bev="0" fileid="4" />
                <SequencePoint vc="0" uspid="251" ordinal="5" offset="34" sl="94" sc="13" el="94" ec="14" bec="0" bev="0" fileid="4" />
                <SequencePoint vc="0" uspid="252" ordinal="6" offset="35" sl="95" sc="17" el="95" ec="70" bec="0" bev="0" fileid="4" />
                <SequencePoint vc="0" uspid="253" ordinal="7" offset="48" sl="96" sc="17" el="96" ec="70" bec="0" bev="0" fileid="4" />
                <SequencePoint vc="0" uspid="254" ordinal="8" offset="56" sl="97" sc="17" el="97" ec="44" bec="0" bev="0" fileid="4" />
                <SequencePoint vc="0" uspid="255" ordinal="9" offset="65" sl="98" sc="13" el="98" ec="14" bec="0" bev="0" fileid="4" />
                <SequencePoint vc="0" uspid="256" ordinal="10" offset="66" sl="93" sc="48" el="93" ec="50" bec="0" bev="0" fileid="4" />
                <SequencePoint vc="0" uspid="257" ordinal="11" offset="97" sl="99" sc="13" el="99" ec="27" bec="0" bev="0" fileid="4" />
                <SequencePoint vc="0" uspid="258" ordinal="12" offset="102" sl="100" sc="9" el="100" ec="10" bec="0" bev="0" fileid="4" />
              </SequencePoints>
              <BranchPoints />
              <MethodPoint xsi:type="SequencePoint" vc="0" uspid="246" ordinal="0" offset="0" sl="91" sc="9" el="91" ec="10" bec="0" bev="0" fileid="4" />
            </Method>
            <Method visited="false" cyclomaticComplexity="4" nPathComplexity="0" sequenceCoverage="0" branchCoverage="0" isConstructor="false" isStatic="true" isGetter="false" isSetter="false">
              <Summary numSequencePoints="19" visitedSequencePoints="0" numBranchPoints="1" visitedBranchPoints="0" sequenceCoverage="0" branchCoverage="0" maxCyclomaticComplexity="4" minCyclomaticComplexity="4" visitedClasses="0" numClasses="0" visitedMethods="0" numMethods="1" />
              <MetadataToken>100663310</MetadataToken>
              <Name>System.Collections.Generic.IList`1&lt;System.String&gt; OpenInApp.Common.Helpers.ArtefactsToOpenHelper::GetFolderItems(EnvDTE80.DTE2)</Name>
              <FileRef uid="4" />
              <SequencePoints>
                <SequencePoint vc="0" uspid="261" ordinal="0" offset="0" sl="103" sc="9" el="103" ec="10" bec="0" bev="0" fileid="4" />
                <SequencePoint vc="0" uspid="262" ordinal="1" offset="1" sl="104" sc="13" el="104" ec="45" bec="0" bev="0" fileid="4" />
                <SequencePoint vc="0" uspid="263" ordinal="2" offset="7" sl="105" sc="13" el="105" ec="20" bec="0" bev="0" fileid="4" />
                <SequencePoint vc="0" uspid="264" ordinal="3" offset="8" sl="105" sc="51" el="105" ec="68" bec="0" bev="0" fileid="4" />
                <SequencePoint vc="0" uspid="265" ordinal="4" offset="22" sl="105" sc="22" el="105" ec="47" bec="0" bev="0" fileid="4" />
                <SequencePoint vc="0" uspid="266" ordinal="5" offset="34" sl="106" sc="13" el="106" ec="14" bec="0" bev="0" fileid="4" />
                <SequencePoint vc="0" uspid="267" ordinal="6" offset="35" sl="107" sc="17" el="107" ec="72" bec="0" bev="0" fileid="4" />
                <SequencePoint vc="0" uspid="268" ordinal="7" offset="48" sl="108" sc="17" el="108" ec="104" bec="0" bev="0" fileid="4" />
                <SequencePoint vc="0" uspid="269" ordinal="8" offset="62" sl="109" sc="17" el="109" ec="24" bec="0" bev="0" fileid="4" />
                <SequencePoint vc="0" uspid="270" ordinal="9" offset="63" sl="109" sc="38" el="109" ec="51" bec="0" bev="0" fileid="4" />
                <SequencePoint vc="0" uspid="271" ordinal="10" offset="72" sl="109" sc="26" el="109" ec="34" bec="0" bev="0" fileid="4" />
                <SequencePoint vc="0" uspid="272" ordinal="11" offset="79" sl="110" sc="17" el="110" ec="18" bec="0" bev="0" fileid="4" />
                <SequencePoint vc="0" uspid="273" ordinal="12" offset="80" sl="111" sc="21" el="111" ec="38" bec="0" bev="0" fileid="4" />
                <SequencePoint vc="0" uspid="274" ordinal="13" offset="89" sl="112" sc="17" el="112" ec="18" bec="0" bev="0" fileid="4" />
                <SequencePoint vc="0" uspid="275" ordinal="14" offset="96" sl="109" sc="35" el="109" ec="37" bec="0" bev="0" fileid="4" />
                <SequencePoint vc="0" uspid="276" ordinal="15" offset="104" sl="113" sc="13" el="113" ec="14" bec="0" bev="0" fileid="4" />
                <SequencePoint vc="0" uspid="277" ordinal="16" offset="105" sl="105" sc="48" el="105" ec="50" bec="0" bev="0" fileid="4" />
                <SequencePoint vc="0" uspid="278" ordinal="17" offset="136" sl="114" sc="13" el="114" ec="27" bec="0" bev="0" fileid="4" />
                <SequencePoint vc="0" uspid="279" ordinal="18" offset="141" sl="115" sc="9" el="115" ec="10" bec="0" bev="0" fileid="4" />
              </SequencePoints>
              <BranchPoints />
              <MethodPoint xsi:type="SequencePoint" vc="0" uspid="261" ordinal="0" offset="0" sl="103" sc="9" el="103" ec="10" bec="0" bev="0" fileid="4" />
            </Method>
            <Method visited="false" cyclomaticComplexity="4" nPathComplexity="0" sequenceCoverage="0" branchCoverage="0" isConstructor="false" isStatic="true" isGetter="false" isSetter="false">
              <Summary numSequencePoints="20" visitedSequencePoints="0" numBranchPoints="1" visitedBranchPoints="0" sequenceCoverage="0" branchCoverage="0" maxCyclomaticComplexity="4" minCyclomaticComplexity="4" visitedClasses="0" numClasses="0" visitedMethods="0" numMethods="1" />
              <MetadataToken>100663311</MetadataToken>
              <Name>System.Collections.Generic.IList`1&lt;System.String&gt; OpenInApp.Common.Helpers.ArtefactsToOpenHelper::GetProjectFolderItems(EnvDTE80.DTE2)</Name>
              <FileRef uid="4" />
              <SequencePoints>
                <SequencePoint vc="0" uspid="284" ordinal="0" offset="0" sl="118" sc="9" el="118" ec="10" bec="0" bev="0" fileid="4" />
                <SequencePoint vc="0" uspid="285" ordinal="1" offset="1" sl="119" sc="13" el="119" ec="45" bec="0" bev="0" fileid="4" />
                <SequencePoint vc="0" uspid="286" ordinal="2" offset="7" sl="120" sc="13" el="120" ec="20" bec="0" bev="0" fileid="4" />
                <SequencePoint vc="0" uspid="287" ordinal="3" offset="8" sl="120" sc="51" el="120" ec="68" bec="0" bev="0" fileid="4" />
                <SequencePoint vc="0" uspid="288" ordinal="4" offset="22" sl="120" sc="22" el="120" ec="47" bec="0" bev="0" fileid="4" />
                <SequencePoint vc="0" uspid="289" ordinal="5" offset="34" sl="121" sc="13" el="121" ec="14" bec="0" bev="0" fileid="4" />
                <SequencePoint vc="0" uspid="290" ordinal="6" offset="35" sl="122" sc="17" el="122" ec="69" bec="0" bev="0" fileid="4" />
                <SequencePoint vc="0" uspid="291" ordinal="7" offset="47" sl="123" sc="17" el="123" ec="76" bec="0" bev="0" fileid="4" />
                <SequencePoint vc="0" uspid="292" ordinal="8" offset="55" sl="124" sc="17" el="124" ec="114" bec="0" bev="0" fileid="4" />
                <SequencePoint vc="0" uspid="293" ordinal="9" offset="70" sl="125" sc="17" el="125" ec="24" bec="0" bev="0" fileid="4" />
                <SequencePoint vc="0" uspid="294" ordinal="10" offset="71" sl="125" sc="38" el="125" ec="58" bec="0" bev="0" fileid="4" />
                <SequencePoint vc="0" uspid="295" ordinal="11" offset="80" sl="125" sc="26" el="125" ec="34" bec="0" bev="0" fileid="4" />
                <SequencePoint vc="0" uspid="296" ordinal="12" offset="87" sl="126" sc="17" el="126" ec="18" bec="0" bev="0" fileid="4" />
                <SequencePoint vc="0" uspid="297" ordinal="13" offset="88" sl="127" sc="21" el="127" ec="38" bec="0" bev="0" fileid="4" />
                <SequencePoint vc="0" uspid="298" ordinal="14" offset="97" sl="128" sc="17" el="128" ec="18" bec="0" bev="0" fileid="4" />
                <SequencePoint vc="0" uspid="299" ordinal="15" offset="104" sl="125" sc="35" el="125" ec="37" bec="0" bev="0" fileid="4" />
                <SequencePoint vc="0" uspid="300" ordinal="16" offset="112" sl="129" sc="13" el="129" ec="14" bec="0" bev="0" fileid="4" />
                <SequencePoint vc="0" uspid="301" ordinal="17" offset="113" sl="120" sc="48" el="120" ec="50" bec="0" bev="0" fileid="4" />
                <SequencePoint vc="0" uspid="302" ordinal="18" offset="144" sl="130" sc="13" el="130" ec="27" bec="0" bev="0" fileid="4" />
                <SequencePoint vc="0" uspid="303" ordinal="19" offset="149" sl="131" sc="9" el="131" ec="10" bec="0" bev="0" fileid="4" />
              </SequencePoints>
              <BranchPoints />
              <MethodPoint xsi:type="SequencePoint" vc="0" uspid="284" ordinal="0" offset="0" sl="118" sc="9" el="118" ec="10" bec="0" bev="0" fileid="4" />
            </Method>
            <Method visited="false" cyclomaticComplexity="3" nPathComplexity="0" sequenceCoverage="0" branchCoverage="0" isConstructor="false" isStatic="true" isGetter="false" isSetter="false">
              <Summary numSequencePoints="12" visitedSequencePoints="0" numBranchPoints="1" visitedBranchPoints="0" sequenceCoverage="0" branchCoverage="0" maxCyclomaticComplexity="3" minCyclomaticComplexity="3" visitedClasses="0" numClasses="0" visitedMethods="0" numMethods="1" />
              <MetadataToken>100663312</MetadataToken>
              <Name>System.Collections.Generic.IList`1&lt;System.String&gt; OpenInApp.Common.Helpers.ArtefactsToOpenHelper::GetFolderName(EnvDTE80.DTE2)</Name>
              <FileRef uid="4" />
              <SequencePoints>
                <SequencePoint vc="0" uspid="308" ordinal="0" offset="0" sl="134" sc="9" el="134" ec="10" bec="0" bev="0" fileid="4" />
                <SequencePoint vc="0" uspid="309" ordinal="1" offset="1" sl="135" sc="13" el="135" ec="45" bec="0" bev="0" fileid="4" />
                <SequencePoint vc="0" uspid="310" ordinal="2" offset="7" sl="136" sc="13" el="136" ec="20" bec="0" bev="0" fileid="4" />
                <SequencePoint vc="0" uspid="311" ordinal="3" offset="8" sl="136" sc="51" el="136" ec="68" bec="0" bev="0" fileid="4" />
                <SequencePoint vc="0" uspid="312" ordinal="4" offset="22" sl="136" sc="22" el="136" ec="47" bec="0" bev="0" fileid="4" />
                <SequencePoint vc="0" uspid="313" ordinal="5" offset="34" sl="137" sc="13" el="137" ec="14" bec="0" bev="0" fileid="4" />
                <SequencePoint vc="0" uspid="314" ordinal="6" offset="35" sl="138" sc="17" el="138" ec="72" bec="0" bev="0" fileid="4" />
                <SequencePoint vc="0" uspid="315" ordinal="7" offset="48" sl="139" sc="17" el="139" ec="40" bec="0" bev="0" fileid="4" />
                <SequencePoint vc="0" uspid="316" ordinal="8" offset="56" sl="140" sc="13" el="140" ec="14" bec="0" bev="0" fileid="4" />
                <SequencePoint vc="0" uspid="317" ordinal="9" offset="57" sl="136" sc="48" el="136" ec="50" bec="0" bev="0" fileid="4" />
                <SequencePoint vc="0" uspid="318" ordinal="10" offset="88" sl="141" sc="13" el="141" ec="27" bec="0" bev="0" fileid="4" />
                <SequencePoint vc="0" uspid="319" ordinal="11" offset="93" sl="142" sc="9" el="142" ec="10" bec="0" bev="0" fileid="4" />
              </SequencePoints>
              <BranchPoints />
              <MethodPoint xsi:type="SequencePoint" vc="0" uspid="308" ordinal="0" offset="0" sl="134" sc="9" el="134" ec="10" bec="0" bev="0" fileid="4" />
            </Method>
            <Method visited="false" cyclomaticComplexity="3" nPathComplexity="0" sequenceCoverage="0" branchCoverage="0" isConstructor="false" isStatic="true" isGetter="false" isSetter="false">
              <Summary numSequencePoints="13" visitedSequencePoints="0" numBranchPoints="1" visitedBranchPoints="0" sequenceCoverage="0" branchCoverage="0" maxCyclomaticComplexity="3" minCyclomaticComplexity="3" visitedClasses="0" numClasses="0" visitedMethods="0" numMethods="1" />
              <MetadataToken>100663313</MetadataToken>
              <Name>System.Collections.Generic.IList`1&lt;System.String&gt; OpenInApp.Common.Helpers.ArtefactsToOpenHelper::GetProjectFolderName(EnvDTE80.DTE2)</Name>
              <FileRef uid="4" />
              <SequencePoints>
                <SequencePoint vc="0" uspid="322" ordinal="0" offset="0" sl="145" sc="9" el="145" ec="10" bec="0" bev="0" fileid="4" />
                <SequencePoint vc="0" uspid="323" ordinal="1" offset="1" sl="146" sc="13" el="146" ec="45" bec="0" bev="0" fileid="4" />
                <SequencePoint vc="0" uspid="324" ordinal="2" offset="7" sl="147" sc="13" el="147" ec="20" bec="0" bev="0" fileid="4" />
                <SequencePoint vc="0" uspid="325" ordinal="3" offset="8" sl="147" sc="51" el="147" ec="68" bec="0" bev="0" fileid="4" />
                <SequencePoint vc="0" uspid="326" ordinal="4" offset="22" sl="147" sc="22" el="147" ec="47" bec="0" bev="0" fileid="4" />
                <SequencePoint vc="0" uspid="327" ordinal="5" offset="34" sl="148" sc="13" el="148" ec="14" bec="0" bev="0" fileid="4" />
                <SequencePoint vc="0" uspid="328" ordinal="6" offset="35" sl="149" sc="17" el="149" ec="69" bec="0" bev="0" fileid="4" />
                <SequencePoint vc="0" uspid="329" ordinal="7" offset="47" sl="150" sc="17" el="150" ec="76" bec="0" bev="0" fileid="4" />
                <SequencePoint vc="0" uspid="330" ordinal="8" offset="55" sl="151" sc="17" el="151" ec="43" bec="0" bev="0" fileid="4" />
                <SequencePoint vc="0" uspid="331" ordinal="9" offset="64" sl="152" sc="13" el="152" ec="14" bec="0" bev="0" fileid="4" />
                <SequencePoint vc="0" uspid="332" ordinal="10" offset="65" sl="147" sc="48" el="147" ec="50" bec="0" bev="0" fileid="4" />
                <SequencePoint vc="0" uspid="333" ordinal="11" offset="96" sl="153" sc="13" el="153" ec="27" bec="0" bev="0" fileid="4" />
                <SequencePoint vc="0" uspid="334" ordinal="12" offset="101" sl="154" sc="9" el="154" ec="10" bec="0" bev="0" fileid="4" />
              </SequencePoints>
              <BranchPoints />
              <MethodPoint xsi:type="SequencePoint" vc="0" uspid="322" ordinal="0" offset="0" sl="145" sc="9" el="145" ec="10" bec="0" bev="0" fileid="4" />
            </Method>
            <Method visited="false" cyclomaticComplexity="4" nPathComplexity="2" sequenceCoverage="0" branchCoverage="0" isConstructor="false" isStatic="true" isGetter="false" isSetter="false">
              <Summary numSequencePoints="7" visitedSequencePoints="0" numBranchPoints="3" visitedBranchPoints="0" sequenceCoverage="0" branchCoverage="0" maxCyclomaticComplexity="4" minCyclomaticComplexity="4" visitedClasses="0" numClasses="0" visitedMethods="0" numMethods="1" />
              <MetadataToken>100663314</MetadataToken>
              <Name>System.Boolean OpenInApp.Common.Helpers.ArtefactsToOpenHelper::ItemsNotFolder(OpenInApp.Common.Helpers.Dtos.CommandPlacement,OpenInApp.Common.Helpers.KeyToExecutableEnum)</Name>
              <FileRef uid="4" />
              <SequencePoints>
                <SequencePoint vc="0" uspid="337" ordinal="0" offset="0" sl="157" sc="9" el="157" ec="10" bec="0" bev="0" fileid="4" />
                <SequencePoint vc="0" uspid="338" ordinal="1" offset="1" sl="158" sc="13" el="158" ec="40" bec="0" bev="0" fileid="4" />
                <SequencePoint vc="0" uspid="339" ordinal="2" offset="3" sl="159" sc="13" el="159" ec="73" bec="0" bev="0" fileid="4" />
                <SequencePoint vc="0" uspid="340" ordinal="3" offset="9" sl="160" sc="13" el="160" ec="167" bec="0" bev="0" fileid="4" />
                <SequencePoint vc="0" uspid="341" ordinal="4" offset="17" sl="161" sc="13" el="165" ec="19" bec="2" bev="0" fileid="4" />
                <SequencePoint vc="0" uspid="342" ordinal="5" offset="49" sl="166" sc="13" el="166" ec="35" bec="0" bev="0" fileid="4" />
                <SequencePoint vc="0" uspid="343" ordinal="6" offset="53" sl="167" sc="9" el="167" ec="10" bec="0" bev="0" fileid="4" />
              </SequencePoints>
              <BranchPoints>
                <BranchPoint vc="0" uspid="346" ordinal="2" offset="33" sl="161" path="0" offsetend="35" fileid="4" />
                <BranchPoint vc="0" uspid="347" ordinal="3" offset="33" sl="161" path="1" offsetend="44" fileid="4" />
              </BranchPoints>
              <MethodPoint xsi:type="SequencePoint" vc="0" uspid="337" ordinal="0" offset="0" sl="157" sc="9" el="157" ec="10" bec="0" bev="0" fileid="4" />
            </Method>
            <Method visited="false" cyclomaticComplexity="11" nPathComplexity="4" sequenceCoverage="0" branchCoverage="0" isConstructor="false" isStatic="true" isGetter="false" isSetter="false">
              <Summary numSequencePoints="26" visitedSequencePoints="0" numBranchPoints="5" visitedBranchPoints="0" sequenceCoverage="0" branchCoverage="0" maxCyclomaticComplexity="11" minCyclomaticComplexity="11" visitedClasses="0" numClasses="0" visitedMethods="0" numMethods="1" />
              <MetadataToken>100663315</MetadataToken>
              <Name>System.Collections.Generic.IList`1&lt;System.String&gt; OpenInApp.Common.Helpers.ArtefactsToOpenHelper::RemoveDisallowedSuffixes(System.Collections.Generic.IList`1&lt;System.String&gt;,System.Collections.Generic.IEnumerable`1&lt;System.String&gt;)</Name>
              <FileRef uid="4" />
              <SequencePoints>
                <SequencePoint vc="0" uspid="348" ordinal="0" offset="0" sl="170" sc="9" el="170" ec="10" bec="0" bev="0" fileid="4" />
                <SequencePoint vc="0" uspid="349" ordinal="1" offset="1" sl="171" sc="13" el="171" ec="51" bec="0" bev="0" fileid="4" />
                <SequencePoint vc="0" uspid="350" ordinal="2" offset="8" sl="173" sc="13" el="177" ec="54" bec="2" bev="0" fileid="4" />
                <SequencePoint vc="0" uspid="351" ordinal="3" offset="56" sl="178" sc="13" el="178" ec="14" bec="0" bev="0" fileid="4" />
                <SequencePoint vc="0" uspid="352" ordinal="4" offset="57" sl="179" sc="17" el="179" ec="69" bec="0" bev="0" fileid="4" />
                <SequencePoint vc="0" uspid="353" ordinal="5" offset="63" sl="180" sc="17" el="180" ec="24" bec="0" bev="0" fileid="4" />
                <SequencePoint vc="0" uspid="354" ordinal="6" offset="64" sl="180" sc="54" el="180" ec="75" bec="0" bev="0" fileid="4" />
                <SequencePoint vc="0" uspid="355" ordinal="7" offset="73" sl="180" sc="26" el="180" ec="50" bec="0" bev="0" fileid="4" />
                <SequencePoint vc="0" uspid="356" ordinal="8" offset="81" sl="181" sc="17" el="181" ec="18" bec="0" bev="0" fileid="4" />
                <SequencePoint vc="0" uspid="357" ordinal="9" offset="82" sl="182" sc="21" el="182" ec="84" bec="0" bev="0" fileid="4" />
                <SequencePoint vc="0" uspid="358" ordinal="10" offset="96" sl="183" sc="17" el="183" ec="18" bec="0" bev="0" fileid="4" />
                <SequencePoint vc="0" uspid="359" ordinal="11" offset="97" sl="180" sc="51" el="180" ec="53" bec="0" bev="0" fileid="4" />
                <SequencePoint vc="0" uspid="360" ordinal="12" offset="118" sl="185" sc="17" el="185" ec="24" bec="0" bev="0" fileid="4" />
                <SequencePoint vc="0" uspid="361" ordinal="13" offset="119" sl="185" sc="38" el="185" ec="53" bec="0" bev="0" fileid="4" />
                <SequencePoint vc="0" uspid="362" ordinal="14" offset="129" sl="185" sc="26" el="185" ec="34" bec="0" bev="0" fileid="4" />
                <SequencePoint vc="0" uspid="363" ordinal="15" offset="138" sl="186" sc="17" el="186" ec="18" bec="0" bev="0" fileid="4" />
                <SequencePoint vc="0" uspid="364" ordinal="16" offset="139" sl="187" sc="21" el="187" ec="61" bec="0" bev="0" fileid="4" />
                <SequencePoint vc="0" uspid="365" ordinal="17" offset="148" sl="188" sc="21" el="188" ec="99" bec="2" bev="0" fileid="4" />
                <SequencePoint vc="0" uspid="366" ordinal="18" offset="185" sl="189" sc="21" el="189" ec="22" bec="0" bev="0" fileid="4" />
                <SequencePoint vc="0" uspid="367" ordinal="19" offset="186" sl="190" sc="25" el="190" ec="45" bec="0" bev="0" fileid="4" />
                <SequencePoint vc="0" uspid="368" ordinal="20" offset="195" sl="191" sc="21" el="191" ec="22" bec="0" bev="0" fileid="4" />
                <SequencePoint vc="0" uspid="369" ordinal="21" offset="196" sl="192" sc="17" el="192" ec="18" bec="0" bev="0" fileid="4" />
                <SequencePoint vc="0" uspid="370" ordinal="22" offset="197" sl="185" sc="35" el="185" ec="37" bec="0" bev="0" fileid="4" />
[...]
              <SequencePoints />
              <BranchPoints />
              <MethodPoint vc="0" uspid="723" ordinal="0" offset="0" />
            </Method>
          </Methods>
        </Class>
        <Class>
          <Summary numSequencePoints="0" visitedSequencePoints="0" numBranchPoints="0" visitedBranchPoints="0" sequenceCoverage="0" branchCoverage="0" maxCyclomaticComplexity="1" minCyclomaticComplexity="1" visitedClasses="0" numClasses="0" visitedMethods="0" numMethods="0" />
          <FullName>OpenInApp.Common.Helpers.Dtos.ArtefactsToBeOpened</FullName>
          <Methods>
            <Method skippedDueTo="AutoImplementedProperty" visited="false" cyclomaticComplexity="1" nPathComplexity="0" sequenceCoverage="0" branchCoverage="0" isConstructor="false" isStatic="false" isGetter="true" isSetter="false">
              <MetadataToken>100663341</MetadataToken>
              <Name>System.Collections.Generic.IList`1&lt;System.String&gt; OpenInApp.Common.Helpers.Dtos.ArtefactsToBeOpened::get_FilesToBeOpened()</Name>
              <FileRef uid="11" />
              <SequencePoints />
              <BranchPoints />
            </Method>
            <Method skippedDueTo="AutoImplementedProperty" visited="false" cyclomaticComplexity="1" nPathComplexity="0" sequenceCoverage="0" branchCoverage="0" isConstructor="false" isStatic="false" isGetter="false" isSetter="true">
              <MetadataToken>100663342</MetadataToken>
              <Name>System.Void OpenInApp.Common.Helpers.Dtos.ArtefactsToBeOpened::set_FilesToBeOpened(System.Collections.Generic.IList`1&lt;System.String&gt;)</Name>
              <FileRef uid="11" />
              <SequencePoints />
              <BranchPoints />
            </Method>
            <Method skippedDueTo="AutoImplementedProperty" visited="false" cyclomaticComplexity="1" nPathComplexity="0" sequenceCoverage="0" branchCoverage="0" isConstructor="false" isStatic="false" isGetter="true" isSetter="false">
              <MetadataToken>100663343</MetadataToken>
              <Name>System.Collections.Generic.IList`1&lt;System.String&gt; OpenInApp.Common.Helpers.Dtos.ArtefactsToBeOpened::get_FoldersToBeOpened()</Name>
              <FileRef uid="11" />
              <SequencePoints />
              <BranchPoints />
            </Method>
            <Method skippedDueTo="AutoImplementedProperty" visited="false" cyclomaticComplexity="1" nPathComplexity="0" sequenceCoverage="0" branchCoverage="0" isConstructor="false" isStatic="false" isGetter="false" isSetter="true">
              <MetadataToken>100663344</MetadataToken>
              <Name>System.Void OpenInApp.Common.Helpers.Dtos.ArtefactsToBeOpened::set_FoldersToBeOpened(System.Collections.Generic.IList`1&lt;System.String&gt;)</Name>
              <FileRef uid="11" />
              <SequencePoints />
              <BranchPoints />
            </Method>
            <Method visited="false" cyclomaticComplexity="1" nPathComplexity="0" sequenceCoverage="0" branchCoverage="0" isConstructor="true" isStatic="false" isGetter="false" isSetter="false">
              <Summary numSequencePoints="0" visitedSequencePoints="0" numBranchPoints="0" visitedBranchPoints="0" sequenceCoverage="0" branchCoverage="0" maxCyclomaticComplexity="1" minCyclomaticComplexity="1" visitedClasses="0" numClasses="0" visitedMethods="0" numMethods="0" />
              <MetadataToken>100663345</MetadataToken>
              <Name>System.Void OpenInApp.Common.Helpers.Dtos.ArtefactsToBeOpened::.ctor()</Name>
              <SequencePoints />
              <BranchPoints />
              <MethodPoint vc="0" uspid="724" ordinal="0" offset="0" />
            </Method>
          </Methods>
        </Class>
        <Class>
          <Summary numSequencePoints="0" visitedSequencePoints="0" numBranchPoints="0" visitedBranchPoints="0" sequenceCoverage="0" branchCoverage="0" maxCyclomaticComplexity="1" minCyclomaticComplexity="1" visitedClasses="0" numClasses="0" visitedMethods="0" numMethods="0" />
          <FullName>OpenInApp.Common.Helpers.Dtos.VersionNumberRangeDto</FullName>
          <Methods>
            <Method visited="true" cyclomaticComplexity="1" nPathComplexity="0" sequenceCoverage="0" branchCoverage="0" isConstructor="true" isStatic="false" isGetter="false" isSetter="false">
              <Summary numSequencePoints="0" visitedSequencePoints="0" numBranchPoints="0" visitedBranchPoints="0" sequenceCoverage="0" branchCoverage="0" maxCyclomaticComplexity="1" minCyclomaticComplexity="1" visitedClasses="0" numClasses="0" visitedMethods="0" numMethods="0" />
              <MetadataToken>100663346</MetadataToken>
              <Name>System.Void OpenInApp.Common.Helpers.Dtos.VersionNumberRangeDto::.ctor()</Name>
              <SequencePoints />
              <BranchPoints />
              <MethodPoint vc="1" uspid="725" ordinal="0" offset="0" />
            </Method>
          </Methods>
        </Class>
        <Class>
          <Summary numSequencePoints="0" visitedSequencePoints="0" numBranchPoints="0" visitedBranchPoints="0" sequenceCoverage="0" branchCoverage="0" maxCyclomaticComplexity="1" minCyclomaticComplexity="1" visitedClasses="0" numClasses="0" visitedMethods="0" numMethods="0" />
          <FullName>OpenInApp.Common.Helpers.Dtos.ApplicationToOpenDto</FullName>
          <Methods>
            <Method skippedDueTo="AutoImplementedProperty" visited="false" cyclomaticComplexity="1" nPathComplexity="0" sequenceCoverage="0" branchCoverage="0" isConstructor="false" isStatic="false" isGetter="true" isSetter="false">
              <MetadataToken>100663347</MetadataToken>
              <Name>OpenInApp.Common.Helpers.Dtos.ArtefactTypeToOpen OpenInApp.Common.Helpers.Dtos.ApplicationToOpenDto::get_ArtefactTypeToOpen()</Name>
              <FileRef uid="12" />
              <SequencePoints />
              <BranchPoints />
            </Method>
            <Method skippedDueTo="AutoImplementedProperty" visited="false" cyclomaticComplexity="1" nPathComplexity="0" sequenceCoverage="0" branchCoverage="0" isConstructor="false" isStatic="false" isGetter="false" isSetter="true">
              <MetadataToken>100663348</MetadataToken>
              <Name>System.Void OpenInApp.Common.Helpers.Dtos.ApplicationToOpenDto::set_ArtefactTypeToOpen(OpenInApp.Common.Helpers.Dtos.ArtefactTypeToOpen)</Name>
              <FileRef uid="12" />
              <SequencePoints />
              <BranchPoints />
            </Method>
            <Method skippedDueTo="AutoImplementedProperty" visited="false" cyclomaticComplexity="1" nPathComplexity="0" sequenceCoverage="0" branchCoverage="0" isConstructor="false" isStatic="false" isGetter="true" isSetter="false">
              <MetadataToken>100663349</MetadataToken>
              <Name>System.Collections.Generic.IEnumerable`1&lt;System.String&gt; OpenInApp.Common.Helpers.Dtos.ApplicationToOpenDto::get_DefaultTypicalFileExtensions()</Name>
              <FileRef uid="12" />
              <SequencePoints />
              <BranchPoints />
            </Method>
            <Method skippedDueTo="AutoImplementedProperty" visited="false" cyclomaticComplexity="1" nPathComplexity="0" sequenceCoverage="0" branchCoverage="0" isConstructor="false" isStatic="false" isGetter="false" isSetter="true">
              <MetadataToken>100663350</MetadataToken>
              <Name>System.Void OpenInApp.Common.Helpers.Dtos.ApplicationToOpenDto::set_DefaultTypicalFileExtensions(System.Collections.Generic.IEnumerable`1&lt;System.String&gt;)</Name>
              <FileRef uid="12" />
              <SequencePoints />
              <BranchPoints />
            </Method>
            <Method skippedDueTo="AutoImplementedProperty" visited="false" cyclomaticComplexity="1" nPathComplexity="0" sequenceCoverage="0" branchCoverage="0" isConstructor="false" isStatic="false" isGetter="true" isSetter="false">
              <MetadataToken>100663351</MetadataToken>
              <Name>System.Collections.Generic.IEnumerable`1&lt;System.String&gt; OpenInApp.Common.Helpers.Dtos.ApplicationToOpenDto::get_ExecutableFilesToBrowseFor()</Name>
              <FileRef uid="12" />
              <SequencePoints />
              <BranchPoints />
            </Method>
            <Method skippedDueTo="AutoImplementedProperty" visited="false" cyclomaticComplexity="1" nPathComplexity="0" sequenceCoverage="0" branchCoverage="0" isConstructor="false" isStatic="false" isGetter="false" isSetter="true">
              <MetadataToken>100663352</MetadataToken>
              <Name>System.Void OpenInApp.Common.Helpers.Dtos.ApplicationToOpenDto::set_ExecutableFilesToBrowseFor(System.Collections.Generic.IEnumerable`1&lt;System.String&gt;)</Name>
              <FileRef uid="12" />
              <SequencePoints />
              <BranchPoints />
            </Method>
            <Method skippedDueTo="AutoImplementedProperty" visited="false" cyclomaticComplexity="1" nPathComplexity="0" sequenceCoverage="0" branchCoverage="0" isConstructor="false" isStatic="false" isGetter="true" isSetter="false">
              <MetadataToken>100663353</MetadataToken>
              <Name>System.Nullable`1&lt;System.Boolean&gt; OpenInApp.Common.Helpers.Dtos.ApplicationToOpenDto::get_OpenIndividualFilesInFolderRatherThanFolderItself()</Name>
              <FileRef uid="12" />
              <SequencePoints />
              <BranchPoints />
            </Method>
            <Method skippedDueTo="AutoImplementedProperty" visited="false" cyclomaticComplexity="1" nPathComplexity="0" sequenceCoverage="0" branchCoverage="0" isConstructor="false" isStatic="false" isGetter="false" isSetter="true">
              <MetadataToken>100663354</MetadataToken>
              <Name>System.Void OpenInApp.Common.Helpers.Dtos.ApplicationToOpenDto::set_OpenIndividualFilesInFolderRatherThanFolderItself(System.Nullable`1&lt;System.Boolean&gt;)</Name>
              <FileRef uid="12" />
              <SequencePoints />
              <BranchPoints />
            </Method>
            <Method skippedDueTo="AutoImplementedProperty" visited="false" cyclomaticComplexity="1" nPathComplexity="0" sequenceCoverage="0" branchCoverage="0" isConstructor="false" isStatic="false" isGetter="true" isSetter="false">
              <MetadataToken>100663355</MetadataToken>
              <Name>System.String OpenInApp.Common.Helpers.Dtos.ApplicationToOpenDto::get_SecondaryFilePathSegment()</Name>
              <FileRef uid="12" />
              <SequencePoints />
              <BranchPoints />
            </Method>
            <Method skippedDueTo="AutoImplementedProperty" visited="false" cyclomaticComplexity="1" nPathComplexity="0" sequenceCoverage="0" branchCoverage="0" isConstructor="false" isStatic="false" isGetter="false" isSetter="true">
              <MetadataToken>100663356</MetadataToken>
              <Name>System.Void OpenInApp.Common.Helpers.Dtos.ApplicationToOpenDto::set_SecondaryFilePathSegment(System.String)</Name>
              <FileRef uid="12" />
              <SequencePoints />
              <BranchPoints />
            </Method>
            <Method skippedDueTo="AutoImplementedProperty" visited="false" cyclomaticComplexity="1" nPathComplexity="0" sequenceCoverage="0" branchCoverage="0" isConstructor="false" isStatic="false" isGetter="true" isSetter="false">
              <MetadataToken>100663357</MetadataToken>
              <Name>System.Boolean OpenInApp.Common.Helpers.Dtos.ApplicationToOpenDto::get_SecondaryFilePathSegmentHasMultipleVersions()</Name>
              <FileRef uid="12" />
              <SequencePoints />
              <BranchPoints />
            </Method>
            <Method skippedDueTo="AutoImplementedProperty" visited="false" cyclomaticComplexity="1" nPathComplexity="0" sequenceCoverage="0" branchCoverage="0" isConstructor="false" isStatic="false" isGetter="false" isSetter="true">
              <MetadataToken>100663358</MetadataToken>
              <Name>System.Void OpenInApp.Common.Helpers.Dtos.ApplicationToOpenDto::set_SecondaryFilePathSegmentHasMultipleVersions(System.Boolean)</Name>
              <FileRef uid="12" />
              <SequencePoints />
              <BranchPoints />
            </Method>
            <Method skippedDueTo="AutoImplementedProperty" visited="false" cyclomaticComplexity="1" nPathComplexity="0" sequenceCoverage="0" branchCoverage="0" isConstructor="false" isStatic="false" isGetter="true" isSetter="false">
              <MetadataToken>100663359</MetadataToken>
              <Name>System.Boolean OpenInApp.Common.Helpers.Dtos.ApplicationToOpenDto::get_SeparateProcessPerFileToBeOpened()</Name>
              <FileRef uid="12" />
              <SequencePoints />
              <BranchPoints />
            </Method>
            <Method skippedDueTo="AutoImplementedProperty" visited="false" cyclomaticComplexity="1" nPathComplexity="0" sequenceCoverage="0" branchCoverage="0" isConstructor="false" isStatic="false" isGetter="false" isSetter="true">
              <MetadataToken>100663360</MetadataToken>
              <Name>System.Void OpenInApp.Common.Helpers.Dtos.ApplicationToOpenDto::set_SeparateProcessPerFileToBeOpened(System.Boolean)</Name>
              <FileRef uid="12" />
              <SequencePoints />
              <BranchPoints />
            </Method>
            <Method skippedDueTo="AutoImplementedProperty" visited="false" cyclomaticComplexity="1" nPathComplexity="0" sequenceCoverage="0" branchCoverage="0" isConstructor="false" isStatic="false" isGetter="true" isSetter="false">
              <MetadataToken>100663361</MetadataToken>
              <Name>System.Boolean OpenInApp.Common.Helpers.Dtos.ApplicationToOpenDto::get_UseShellExecute()</Name>
              <FileRef uid="12" />
              <SequencePoints />
              <BranchPoints />
            </Method>
            <Method skippedDueTo="AutoImplementedProperty" visited="false" cyclomaticComplexity="1" nPathComplexity="0" sequenceCoverage="0" branchCoverage="0" isConstructor="false" isStatic="false" isGetter="false" isSetter="true">
              <MetadataToken>100663362</MetadataToken>
              <Name>System.Void OpenInApp.Common.Helpers.Dtos.ApplicationToOpenDto::set_UseShellExecute(System.Boolean)</Name>
              <FileRef uid="12" />
              <SequencePoints />
              <BranchPoints />
            </Method>
            <Method visited="true" cyclomaticComplexity="1" nPathComplexity="0" sequenceCoverage="0" branchCoverage="0" isConstructor="true" isStatic="false" isGetter="false" isSetter="false">
              <Summary numSequencePoints="0" visitedSequencePoints="0" numBranchPoints="0" visitedBranchPoints="0" sequenceCoverage="0" branchCoverage="0" maxCyclomaticComplexity="1" minCyclomaticComplexity="1" visitedClasses="0" numClasses="0" visitedMethods="0" numMethods="0" />
              <MetadataToken>100663363</MetadataToken>
              <Name>System.Void OpenInApp.Common.Helpers.Dtos.ApplicationToOpenDto::.ctor()</Name>
              <SequencePoints />
              <BranchPoints />
              <MethodPoint vc="60" uspid="726" ordinal="0" offset="0" />
            </Method>
          </Methods>
        </Class>
        <Class>
          <Summary numSequencePoints="0" visitedSequencePoints="0" numBranchPoints="0" visitedBranchPoints="0" sequenceCoverage="0" branchCoverage="0" maxCyclomaticComplexity="1" minCyclomaticComplexity="1" visitedClasses="0" numClasses="0" visitedMethods="0" numMethods="0" />
          <FullName>OpenInApp.Common.Helpers.Dtos.FileBrowseOutcomeDto</FullName>
          <Methods>
            <Method skippedDueTo="AutoImplementedProperty" visited="false" cyclomaticComplexity="1" nPathComplexity="0" sequenceCoverage="0" branchCoverage="0" isConstructor="false" isStatic="false" isGetter="true" isSetter="false">
              <MetadataToken>100663364</MetadataToken>
              <Name>System.Windows.Forms.DialogResult OpenInApp.Common.Helpers.Dtos.FileBrowseOutcomeDto::get_DialogResult()</Name>
              <FileRef uid="13" />
              <SequencePoints />
              <BranchPoints />
            </Method>
            <Method skippedDueTo="AutoImplementedProperty" visited="false" cyclomaticComplexity="1" nPathComplexity="0" sequenceCoverage="0" branchCoverage="0" isConstructor="false" isStatic="false" isGetter="false" isSetter="true">
              <MetadataToken>100663365</MetadataToken>
              <Name>System.Void OpenInApp.Common.Helpers.Dtos.FileBrowseOutcomeDto::set_DialogResult(System.Windows.Forms.DialogResult)</Name>
              <FileRef uid="13" />
              <SequencePoints />
              <BranchPoints />
            </Method>
            <Method skippedDueTo="AutoImplementedProperty" visited="false" cyclomaticComplexity="1" nPathComplexity="0" sequenceCoverage="0" branchCoverage="0" isConstructor="false" isStatic="false" isGetter="true" isSetter="false">
              <MetadataToken>100663366</MetadataToken>
              <Name>System.String OpenInApp.Common.Helpers.Dtos.FileBrowseOutcomeDto::get_FileNameChosen()</Name>
              <FileRef uid="13" />
              <SequencePoints />
              <BranchPoints />
            </Method>
            <Method skippedDueTo="AutoImplementedProperty" visited="false" cyclomaticComplexity="1" nPathComplexity="0" sequenceCoverage="0" branchCoverage="0" isConstructor="false" isStatic="false" isGetter="false" isSetter="true">
              <MetadataToken>100663367</MetadataToken>
              <Name>System.Void OpenInApp.Common.Helpers.Dtos.FileBrowseOutcomeDto::set_FileNameChosen(System.String)</Name>
              <FileRef uid="13" />
              <SequencePoints />
              <BranchPoints />
            </Method>
            <Method visited="false" cyclomaticComplexity="1" nPathComplexity="0" sequenceCoverage="0" branchCoverage="0" isConstructor="true" isStatic="false" isGetter="false" isSetter="false">
              <Summary numSequencePoints="0" visitedSequencePoints="0" numBranchPoints="0" visitedBranchPoints="0" sequenceCoverage="0" branchCoverage="0" maxCyclomaticComplexity="1" minCyclomaticComplexity="1" visitedClasses="0" numClasses="0" visitedMethods="0" numMethods="0" />
              <MetadataToken>100663368</MetadataToken>
              <Name>System.Void OpenInApp.Common.Helpers.Dtos.FileBrowseOutcomeDto::.ctor()</Name>
              <SequencePoints />
              <BranchPoints />
              <MethodPoint vc="0" uspid="727" ordinal="0" offset="0" />
            </Method>
          </Methods>
        </Class>
      </Classes>
    </Module>
    <Module skippedDueTo="Filter" hash="D0-60-0C-D0-DA-1B-FE-75-35-FA-19-18-0B-33-D0-3F-23-E1-2D-EE">
      <ModulePath>C:\Windows\Microsoft.Net\assembly\GAC_MSIL\System.Core\v4.0_4.0.0.0__b77a5c561934e089\System.Core.dll</ModulePath>
      <ModuleTime>2017-05-20T03:10:56.0163894Z</ModuleTime>
      <ModuleName>System.Core</ModuleName>
      <Classes />
    </Module>
    <Module skippedDueTo="Filter" hash="DB-D3-A4-11-14-FF-2D-02-C1-25-7A-30-C0-3D-E4-B9-12-CF-0A-D2">
      <ModulePath>C:\Windows\Microsoft.Net\assembly\GAC_MSIL\Microsoft.CSharp\v4.0_4.0.0.0__b03f5f7f11d50a3a\Microsoft.CSharp.dll</ModulePath>
      <ModuleTime>2017-03-18T20:59:45.8533111Z</ModuleTime>
      <ModuleName>Microsoft.CSharp</ModuleName>
      <Classes />
    </Module>
    <Module skippedDueTo="Filter" hash="EE-08-34-07-15-8C-15-63-D8-EA-EF-26-3C-6E-9D-51-30-07-73-92">
      <ModulePath>C:\Windows\Microsoft.Net\assembly\GAC_MSIL\System.Dynamic\v4.0_4.0.0.0__b03f5f7f11d50a3a\System.Dynamic.dll</ModulePath>
      <ModuleTime>2017-03-18T20:59:47.9628659Z</ModuleTime>
      <ModuleName>System.Dynamic</ModuleName>
      <Classes />
    </Module>
    <Module skippedDueTo="Filter" hash="">
      <ModulePath>RefEmit_InMemoryManifestModule</ModulePath>
      <ModuleTime>0001-01-01T00:00:00</ModuleTime>
      <ModuleName>Anonymously Hosted DynamicMethods Assembly</ModuleName>
      <Classes />
    </Module>
  </Modules>
</CoverageSession>