<?xml version="1.0" encoding="utf-8"?>
<CoverageSession xmlns:xsd="http://www.w3.org/2001/XMLSchema" xmlns:xsi="http://www.w3.org/2001/XMLSchema-instance">
  <Summary numSequencePoints="76" visitedSequencePoints="45" numBranchPoints="28" visitedBranchPoints="16" sequenceCoverage="59.21" branchCoverage="57.14" maxCyclomaticComplexity="5" minCyclomaticComplexity="1" visitedClasses="3" numClasses="3" visitedMethods="9" numMethods="13" />
  <Modules>
    <Module skippedDueTo="Filter" hash="47-E1-8E-FD-66-5C-43-72-47-BB-D6-19-27-92-95-3E-E3-90-09-0B">
      <ModulePath>C:\Windows\assembly\GAC_64\mscorlib\2.0.0.0__b77a5c561934e089\mscorlib.dll</ModulePath>
      <ModuleTime>2016-03-23T22:39:56.3769286Z</ModuleTime>
      <ModuleName>mscorlib</ModuleName>
      <Classes />
    </Module>
    <Module skippedDueTo="Filter" hash="F9-04-A8-31-CD-FB-23-72-95-63-5D-14-9A-A0-66-8E-7F-44-93-7A">
      <ModulePath>C:\Windows\assembly\GAC_64\mscorlib\2.0.0.0__b77a5c561934e089\sorttbls.nlp</ModulePath>
      <ModuleTime>2009-06-10T20:40:02.3042907Z</ModuleTime>
      <ModuleName>mscorlib</ModuleName>
      <Classes />
    </Module>
    <Module skippedDueTo="Filter" hash="F9-CA-B6-79-63-CB-31-8A-0D-DC-C3-D0-43-F8-28-C3-F0-95-F9-E7">
      <ModulePath>C:\Users\GregoryT\Source\Repos\OpenInApp.Launcher\src\packages\NUnit.Runners.2.6.3\tools\nunit-console.exe</ModulePath>
      <ModuleTime>2013-10-10T16:39:24Z</ModuleTime>
      <ModuleName>nunit-console</ModuleName>
      <Classes />
    </Module>
    <Module skippedDueTo="Filter" hash="6E-30-2E-50-36-FB-60-2C-8E-50-C0-83-54-8B-CC-EA-A8-91-B6-CC">
      <ModulePath>C:\Windows\assembly\GAC_64\mscorlib\2.0.0.0__b77a5c561934e089\sortkey.nlp</ModulePath>
      <ModuleTime>2009-06-10T20:40:02.2886909Z</ModuleTime>
      <ModuleName>mscorlib</ModuleName>
      <Classes />
    </Module>
    <Module skippedDueTo="Filter" hash="2A-C4-E5-DE-F3-EE-AD-84-E1-65-84-CC-15-90-76-96-E7-01-44-4E">
      <ModulePath>C:\Users\GregoryT\Source\Repos\OpenInApp.Launcher\src\packages\NUnit.Runners.2.6.3\tools\lib\nunit-console-runner.dll</ModulePath>
      <ModuleTime>2013-10-10T16:39:24Z</ModuleTime>
      <ModuleName>nunit-console-runner</ModuleName>
      <Classes />
    </Module>
    <Module skippedDueTo="Filter" hash="33-E1-CA-24-52-5A-B7-C7-C4-AF-91-2C-A9-4A-C0-37-67-0D-5B-FE">
      <ModulePath>C:\Users\GregoryT\Source\Repos\OpenInApp.Launcher\src\packages\NUnit.Runners.2.6.3\tools\lib\nunit.core.dll</ModulePath>
      <ModuleTime>2013-10-10T16:39:24Z</ModuleTime>
      <ModuleName>nunit.core</ModuleName>
      <Classes />
    </Module>
    <Module skippedDueTo="Filter" hash="74-74-F6-87-59-E1-5F-4F-5F-5E-6E-82-50-E8-E2-46-D4-86-15-76">
      <ModulePath>C:\Users\GregoryT\Source\Repos\OpenInApp.Launcher\src\packages\NUnit.Runners.2.6.3\tools\lib\nunit.util.dll</ModulePath>
      <ModuleTime>2013-10-10T16:39:24Z</ModuleTime>
      <ModuleName>nunit.util</ModuleName>
      <Classes />
    </Module>
    <Module skippedDueTo="Filter" hash="D3-A4-4D-85-55-F7-CE-EF-A5-90-AA-EF-58-E0-9F-B6-CC-27-99-53">
      <ModulePath>C:\Users\GregoryT\Source\Repos\OpenInApp.Launcher\src\packages\NUnit.Runners.2.6.3\tools\lib\nunit.core.interfaces.dll</ModulePath>
      <ModuleTime>2013-10-10T16:39:24Z</ModuleTime>
      <ModuleName>nunit.core.interfaces</ModuleName>
      <Classes />
    </Module>
    <Module skippedDueTo="Filter" hash="A8-11-D7-52-4C-12-FE-1E-D5-1D-AD-35-BD-8E-E7-0A-41-48-A9-CD">
      <ModulePath>C:\Windows\assembly\GAC_MSIL\System.Configuration\2.0.0.0__b03f5f7f11d50a3a\System.Configuration.dll</ModulePath>
      <ModuleTime>2014-03-20T22:49:19.4176787Z</ModuleTime>
      <ModuleName>System.Configuration</ModuleName>
      <Classes />
    </Module>
    <Module skippedDueTo="Filter" hash="A9-BC-BF-6A-E3-B1-69-FF-99-36-D0-44-65-11-00-30-87-3C-B6-18">
      <ModulePath>C:\Windows\assembly\GAC_MSIL\System\2.0.0.0__b77a5c561934e089\System.dll</ModulePath>
      <ModuleTime>2017-03-28T13:05:59.2372212Z</ModuleTime>
      <ModuleName>System</ModuleName>
      <Classes />
    </Module>
    <Module skippedDueTo="Filter" hash="B5-FA-B4-34-D0-72-61-BF-B3-81-7D-65-34-82-B1-F8-87-98-1F-7F">
      <ModulePath>C:\Windows\assembly\GAC_MSIL\System.Xml\2.0.0.0__b77a5c561934e089\System.Xml.dll</ModulePath>
      <ModuleTime>2015-12-04T14:07:52.0674657Z</ModuleTime>
      <ModuleName>System.Xml</ModuleName>
      <Classes />
    </Module>
    <Module skippedDueTo="Filter" hash="30-0B-06-AA-56-C3-82-1B-9E-C2-86-15-B1-B5-86-72-49-D0-D6-7C">
      <ModulePath>C:\Windows\assembly\GAC_MSIL\System.Runtime.Remoting\2.0.0.0__b77a5c561934e089\System.Runtime.Remoting.dll</ModulePath>
      <ModuleTime>2014-09-04T01:43:07.8245673Z</ModuleTime>
      <ModuleName>System.Runtime.Remoting</ModuleName>
      <Classes />
    </Module>
    <Module skippedDueTo="Filter" hash="95-6F-A7-D9-CA-57-AB-DE-E6-29-67-E1-17-75-0C-A6-6A-E1-81-1E">
      <ModulePath>C:\Windows\Microsoft.Net\assembly\GAC_64\mscorlib\v4.0_4.0.0.0__b77a5c561934e089\mscorlib.dll</ModulePath>
      <ModuleTime>2016-07-14T14:37:18Z</ModuleTime>
      <ModuleName>mscorlib</ModuleName>
      <Classes />
    </Module>
    <Module skippedDueTo="Filter" hash="87-52-C5-B2-2F-D3-F5-4F-58-BF-89-4A-88-59-6D-CE-F4-7F-6A-3B">
      <ModulePath>C:\Users\GregoryT\Source\Repos\OpenInApp.Launcher\src\packages\NUnit.Runners.2.6.3\tools\nunit-agent.exe</ModulePath>
      <ModuleTime>2013-10-10T16:39:24Z</ModuleTime>
      <ModuleName>nunit-agent</ModuleName>
      <Classes />
    </Module>
    <Module skippedDueTo="Filter" hash="BA-4F-A1-35-97-44-A9-E0-41-2B-3D-42-2C-4C-AF-72-95-4A-4C-75">
      <ModulePath>C:\Windows\Microsoft.Net\assembly\GAC_MSIL\System\v4.0_4.0.0.0__b77a5c561934e089\System.dll</ModulePath>
      <ModuleTime>2017-03-26T20:08:56Z</ModuleTime>
      <ModuleName>System</ModuleName>
      <Classes />
    </Module>
    <Module skippedDueTo="Filter" hash="58-7E-0C-8A-5F-09-F6-0F-15-50-1C-10-9F-E5-08-3A-E8-0A-D6-1B">
      <ModulePath>C:\Windows\Microsoft.Net\assembly\GAC_MSIL\System.Runtime.Remoting\v4.0_4.0.0.0__b77a5c561934e089\System.Runtime.Remoting.dll</ModulePath>
      <ModuleTime>2016-07-14T14:43:42Z</ModuleTime>
      <ModuleName>System.Runtime.Remoting</ModuleName>
      <Classes />
    </Module>
    <Module skippedDueTo="Filter" hash="58-B9-CA-42-36-B5-7C-2F-28-04-EF-71-75-4D-D7-DB-0B-9E-9A-C3">
      <ModulePath>C:\Windows\Microsoft.Net\assembly\GAC_MSIL\System.Configuration\v4.0_4.0.0.0__b03f5f7f11d50a3a\System.Configuration.dll</ModulePath>
      <ModuleTime>2016-07-14T14:43:42Z</ModuleTime>
      <ModuleName>System.Configuration</ModuleName>
      <Classes />
    </Module>
    <Module skippedDueTo="Filter" hash="BC-5B-5D-6A-58-44-92-0A-2E-36-E3-6E-2C-9B-98-00-AD-15-22-E5">
      <ModulePath>C:\Windows\Microsoft.Net\assembly\GAC_MSIL\System.Xml\v4.0_4.0.0.0__b77a5c561934e089\System.Xml.dll</ModulePath>
      <ModuleTime>2016-07-14T14:43:42Z</ModuleTime>
      <ModuleName>System.Xml</ModuleName>
      <Classes />
    </Module>
    <Module skippedDueTo="Filter" hash="AF-35-2B-3A-E0-8A-EC-A6-7E-DB-3B-17-A4-30-75-D9-31-4D-9F-2B">
      <ModulePath>C:\Windows\Microsoft.Net\assembly\GAC_64\System.Web\v4.0_4.0.0.0__b03f5f7f11d50a3a\System.Web.dll</ModulePath>
      <ModuleTime>2016-07-14T14:37:18Z</ModuleTime>
      <ModuleName>System.Web</ModuleName>
      <Classes />
    </Module>
    <Module skippedDueTo="Filter" hash="40-4B-E3-CA-8F-85-4E-60-4F-98-D8-0C-F8-2F-D9-5D-B0-43-52-3E">
      <ModulePath>C:\Windows\assembly\GAC_64\System.Web\2.0.0.0__b03f5f7f11d50a3a\System.Web.dll</ModulePath>
      <ModuleTime>2015-02-06T23:33:22.6805809Z</ModuleTime>
      <ModuleName>System.Web</ModuleName>
      <Classes />
    </Module>
    <Module skippedDueTo="Filter" hash="B6-96-0F-77-90-5D-5D-2F-9A-F2-9F-C4-E5-75-AD-9C-ED-57-F3-17">
      <ModulePath>C:\Users\GregoryT\Source\Repos\OpenInApp.Launcher\src\packages\NUnit.Runners.2.6.3\tools\pnunit.framework.dll</ModulePath>
      <ModuleTime>2013-10-10T16:39:24Z</ModuleTime>
      <ModuleName>pnunit.framework</ModuleName>
      <Classes />
    </Module>
    <Module skippedDueTo="Filter" hash="BF-1D-D7-35-9F-DE-AD-6C-C5-85-0E-59-71-C4-80-76-13-06-73-54">
      <ModulePath>C:\Users\GregoryT\Source\Repos\OpenInApp.Launcher\src\packages\NUnit.Runners.2.6.3\tools\pnunit-agent.exe</ModulePath>
      <ModuleTime>2013-10-10T16:39:24Z</ModuleTime>
      <ModuleName>pnunit-agent</ModuleName>
      <Classes />
    </Module>
    <Module hash="82-ED-18-CB-F6-34-B0-FF-A2-DF-B3-E4-D6-B5-C4-19-B1-47-9E-EF">
      <Summary numSequencePoints="76" visitedSequencePoints="45" numBranchPoints="28" visitedBranchPoints="16" sequenceCoverage="59.21" branchCoverage="57.14" maxCyclomaticComplexity="5" minCyclomaticComplexity="1" visitedClasses="3" numClasses="3" visitedMethods="9" numMethods="13" />
      <ModulePath>C:\Users\GregoryT\Source\Repos\OpenInApp.Launcher\src\OpenInApp.Common.Tests\bin\Debug\OpenInApp.Common.Tests.dll</ModulePath>
      <ModuleTime>2017-07-07T12:24:35.1910769Z</ModuleTime>
      <ModuleName>OpenInApp.Common.Tests</ModuleName>
      <Files>
        <File uid="1" fullPath="C:\Users\GregoryT\Source\Repos\OpenInApp.Launcher\src\OpenInApp.Common.Tests\Helpers\OpenInAppHelperTests.cs" />
        <File uid="2" fullPath="C:\Users\GregoryT\Source\Repos\OpenInApp.Launcher\src\OpenInApp.Common.Tests\Helpers\GeneralOptionsHelperTests.cs" />
        <File uid="3" fullPath="C:\Users\GregoryT\Source\Repos\OpenInApp.Launcher\src\OpenInApp.Common.Tests\Helpers\FileHelperTests.cs" />
      </Files>
      <Classes>
        <Class skippedDueTo="Filter">
          <FullName>&lt;Module&gt;</FullName>
          <Methods />
        </Class>
        <Class>
          <Summary numSequencePoints="36" visitedSequencePoints="5" numBranchPoints="13" visitedBranchPoints="2" sequenceCoverage="13.89" branchCoverage="15.38" maxCyclomaticComplexity="5" minCyclomaticComplexity="1" visitedClasses="1" numClasses="1" visitedMethods="2" numMethods="6" />
          <FullName>OpenInApp.Common.Tests.Helpers.OpenInAppHelperTests</FullName>
          <Methods>
            <Method visited="true" cyclomaticComplexity="1" nPathComplexity="0" sequenceCoverage="75" branchCoverage="100" isConstructor="false" isStatic="false" isGetter="false" isSetter="false">
              <Summary numSequencePoints="4" visitedSequencePoints="3" numBranchPoints="1" visitedBranchPoints="1" sequenceCoverage="75" branchCoverage="100" maxCyclomaticComplexity="1" minCyclomaticComplexity="1" visitedClasses="0" numClasses="0" visitedMethods="1" numMethods="1" />
              <MetadataToken>100663297</MetadataToken>
              <Name>System.Void OpenInApp.Common.Tests.Helpers.OpenInAppHelperTests::InvokeCommandTest_TextApps(System.String,System.Boolean,System.Boolean)</Name>
              <FileRef uid="1" />
              <SequencePoints>
                <SequencePoint vc="1" uspid="1" ordinal="0" offset="0" sl="50" sc="9" el="50" ec="10" bec="0" bev="0" fileid="1" />
                <SequencePoint vc="1" uspid="2" ordinal="1" offset="1" sl="52" sc="13" el="58" ec="15" bec="0" bev="0" fileid="1" />
                <SequencePoint vc="1" uspid="3" ordinal="2" offset="31" sl="61" sc="13" el="61" ec="111" bec="0" bev="0" fileid="1" />
                <SequencePoint vc="0" uspid="4" ordinal="3" offset="42" sl="62" sc="9" el="62" ec="10" bec="0" bev="0" fileid="1" />
              </SequencePoints>
              <BranchPoints />
              <MethodPoint xsi:type="SequencePoint" vc="1" uspid="1" ordinal="0" offset="0" sl="50" sc="9" el="50" ec="10" bec="0" bev="0" fileid="1" />
            </Method>
            <Method visited="false" cyclomaticComplexity="1" nPathComplexity="0" sequenceCoverage="0" branchCoverage="0" isConstructor="false" isStatic="false" isGetter="false" isSetter="false">
              <Summary numSequencePoints="5" visitedSequencePoints="0" numBranchPoints="1" visitedBranchPoints="0" sequenceCoverage="0" branchCoverage="0" maxCyclomaticComplexity="1" minCyclomaticComplexity="1" visitedClasses="0" numClasses="0" visitedMethods="0" numMethods="1" />
              <MetadataToken>100663298</MetadataToken>
              <Name>System.Void OpenInApp.Common.Tests.Helpers.OpenInAppHelperTests::InvokeCommandTest_BrowserApps(System.String,System.Boolean)</Name>
              <FileRef uid="1" />
              <SequencePoints>
                <SequencePoint vc="0" uspid="5" ordinal="0" offset="0" sl="74" sc="9" el="74" ec="10" bec="0" bev="0" fileid="1" />
                <SequencePoint vc="0" uspid="6" ordinal="1" offset="1" sl="76" sc="13" el="76" ec="59" bec="0" bev="0" fileid="1" />
                <SequencePoint vc="0" uspid="7" ordinal="2" offset="3" sl="77" sc="13" el="81" ec="15" bec="0" bev="0" fileid="1" />
                <SequencePoint vc="0" uspid="8" ordinal="3" offset="33" sl="84" sc="13" el="84" ec="111" bec="0" bev="0" fileid="1" />
                <SequencePoint vc="0" uspid="9" ordinal="4" offset="44" sl="85" sc="9" el="85" ec="10" bec="0" bev="0" fileid="1" />
              </SequencePoints>
              <BranchPoints />
              <MethodPoint xsi:type="SequencePoint" vc="0" uspid="5" ordinal="0" offset="0" sl="74" sc="9" el="74" ec="10" bec="0" bev="0" fileid="1" />
            </Method>
            <Method visited="false" cyclomaticComplexity="1" nPathComplexity="0" sequenceCoverage="0" branchCoverage="0" isConstructor="false" isStatic="false" isGetter="false" isSetter="false">
              <Summary numSequencePoints="4" visitedSequencePoints="0" numBranchPoints="1" visitedBranchPoints="0" sequenceCoverage="0" branchCoverage="0" maxCyclomaticComplexity="1" minCyclomaticComplexity="1" visitedClasses="0" numClasses="0" visitedMethods="0" numMethods="1" />
              <MetadataToken>100663299</MetadataToken>
              <Name>System.Void OpenInApp.Common.Tests.Helpers.OpenInAppHelperTests::InvokeCommandTest_ImageApps(System.String,System.Boolean,System.Boolean)</Name>
              <FileRef uid="1" />
              <SequencePoints>
                <SequencePoint vc="0" uspid="10" ordinal="0" offset="0" sl="94" sc="9" el="94" ec="10" bec="0" bev="0" fileid="1" />
                <SequencePoint vc="0" uspid="11" ordinal="1" offset="1" sl="96" sc="13" el="101" ec="15" bec="0" bev="0" fileid="1" />
                <SequencePoint vc="0" uspid="12" ordinal="2" offset="31" sl="104" sc="13" el="104" ec="111" bec="0" bev="0" fileid="1" />
                <SequencePoint vc="0" uspid="13" ordinal="3" offset="42" sl="105" sc="9" el="105" ec="10" bec="0" bev="0" fileid="1" />
              </SequencePoints>
              <BranchPoints />
              <MethodPoint xsi:type="SequencePoint" vc="0" uspid="10" ordinal="0" offset="0" sl="94" sc="9" el="94" ec="10" bec="0" bev="0" fileid="1" />
            </Method>
            <Method visited="false" cyclomaticComplexity="1" nPathComplexity="0" sequenceCoverage="0" branchCoverage="0" isConstructor="false" isStatic="false" isGetter="false" isSetter="false">
              <Summary numSequencePoints="5" visitedSequencePoints="0" numBranchPoints="1" visitedBranchPoints="0" sequenceCoverage="0" branchCoverage="0" maxCyclomaticComplexity="1" minCyclomaticComplexity="1" visitedClasses="0" numClasses="0" visitedMethods="0" numMethods="1" />
              <MetadataToken>100663300</MetadataToken>
              <Name>System.Void OpenInApp.Common.Tests.Helpers.OpenInAppHelperTests::InvokeCommandTest_TODOCategory(System.String,System.Boolean)</Name>
              <FileRef uid="1" />
              <SequencePoints>
                <SequencePoint vc="0" uspid="14" ordinal="0" offset="0" sl="114" sc="9" el="114" ec="10" bec="0" bev="0" fileid="1" />
                <SequencePoint vc="0" uspid="15" ordinal="1" offset="1" sl="116" sc="13" el="116" ec="59" bec="0" bev="0" fileid="1" />
                <SequencePoint vc="0" uspid="16" ordinal="2" offset="3" sl="117" sc="13" el="123" ec="15" bec="0" bev="0" fileid="1" />
                <SequencePoint vc="0" uspid="17" ordinal="3" offset="21" sl="126" sc="13" el="126" ec="111" bec="0" bev="0" fileid="1" />
                <SequencePoint vc="0" uspid="18" ordinal="4" offset="32" sl="127" sc="9" el="127" ec="10" bec="0" bev="0" fileid="1" />
              </SequencePoints>
              <BranchPoints />
              <MethodPoint xsi:type="SequencePoint" vc="0" uspid="14" ordinal="0" offset="0" sl="114" sc="9" el="114" ec="10" bec="0" bev="0" fileid="1" />
            </Method>
            <Method visited="true" cyclomaticComplexity="1" nPathComplexity="0" sequenceCoverage="66.67" branchCoverage="100" isConstructor="false" isStatic="false" isGetter="false" isSetter="false">
              <Summary numSequencePoints="3" visitedSequencePoints="2" numBranchPoints="1" visitedBranchPoints="1" sequenceCoverage="66.67" branchCoverage="100" maxCyclomaticComplexity="1" minCyclomaticComplexity="1" visitedClasses="0" numClasses="0" visitedMethods="1" numMethods="1" />
              <MetadataToken>100663301</MetadataToken>
              <Name>System.Void OpenInApp.Common.Tests.Helpers.OpenInAppHelperTests::Act(System.Collections.Generic.IEnumerable`1&lt;System.String&gt;,System.String,System.Boolean,System.Boolean)</Name>
              <FileRef uid="1" />
              <SequencePoints>
                <SequencePoint vc="1" uspid="19" ordinal="0" offset="0" sl="130" sc="9" el="130" ec="10" bec="0" bev="0" fileid="1" />
                <SequencePoint vc="1" uspid="20" ordinal="1" offset="1" sl="131" sc="17" el="131" ec="166" bec="0" bev="0" fileid="1" />
                <SequencePoint vc="0" uspid="21" ordinal="2" offset="13" sl="132" sc="9" el="132" ec="10" bec="0" bev="0" fileid="1" />
              </SequencePoints>
              <BranchPoints />
              <MethodPoint xsi:type="SequencePoint" vc="1" uspid="19" ordinal="0" offset="0" sl="130" sc="9" el="130" ec="10" bec="0" bev="0" fileid="1" />
            </Method>
            <Method visited="false" cyclomaticComplexity="5" nPathComplexity="7" sequenceCoverage="0" branchCoverage="0" isConstructor="false" isStatic="false" isGetter="false" isSetter="false">
              <Summary numSequencePoints="15" visitedSequencePoints="0" numBranchPoints="8" visitedBranchPoints="0" sequenceCoverage="0" branchCoverage="0" maxCyclomaticComplexity="5" minCyclomaticComplexity="5" visitedClasses="0" numClasses="0" visitedMethods="0" numMethods="1" />
              <MetadataToken>100663302</MetadataToken>
              <Name>System.Void OpenInApp.Common.Tests.Helpers.OpenInAppHelperTests::InvokeCommandTest(OpenInApp.Common.Helpers.KeyToExecutableEnum,OpenInApp.Common.Tests.FileToBeOpenedKind)</Name>
              <FileRef uid="1" />
              <SequencePoints>
                <SequencePoint vc="0" uspid="22" ordinal="0" offset="0" sl="176" sc="9" el="176" ec="10" bec="0" bev="0" fileid="1" />
                <SequencePoint vc="0" uspid="23" ordinal="1" offset="1" sl="181" sc="13" el="181" ec="88" bec="0" bev="0" fileid="1" />
                <SequencePoint vc="0" uspid="24" ordinal="2" offset="17" sl="183" sc="13" el="183" ec="40" bec="4" bev="0" fileid="1" />
                <SequencePoint vc="0" uspid="25" ordinal="3" offset="56" sl="189" sc="21" el="193" ec="23" bec="0" bev="0" fileid="1" />
                <SequencePoint vc="0" uspid="26" ordinal="4" offset="98" sl="194" sc="21" el="194" ec="27" bec="0" bev="0" fileid="1" />
                <SequencePoint vc="0" uspid="27" ordinal="5" offset="100" sl="196" sc="21" el="200" ec="23" bec="0" bev="0" fileid="1" />
                <SequencePoint vc="0" uspid="28" ordinal="6" offset="142" sl="201" sc="21" el="201" ec="27" bec="0" bev="0" fileid="1" />
                <SequencePoint vc="0" uspid="29" ordinal="7" offset="144" sl="203" sc="21" el="207" ec="23" bec="0" bev="0" fileid="1" />
                <SequencePoint vc="0" uspid="30" ordinal="8" offset="186" sl="208" sc="21" el="208" ec="27" bec="0" bev="0" fileid="1" />
                <SequencePoint vc="0" uspid="31" ordinal="9" offset="188" sl="210" sc="21" el="210" ec="57" bec="0" bev="0" fileid="1" />
                <SequencePoint vc="0" uspid="32" ordinal="10" offset="194" sl="214" sc="13" el="214" ec="71" bec="0" bev="0" fileid="1" />
                <SequencePoint vc="0" uspid="33" ordinal="11" offset="200" sl="215" sc="13" el="215" ec="107" bec="0" bev="0" fileid="1" />
                <SequencePoint vc="0" uspid="34" ordinal="12" offset="208" sl="216" sc="13" el="216" ec="99" bec="0" bev="0" fileid="1" />
                <SequencePoint vc="0" uspid="35" ordinal="13" offset="216" sl="219" sc="13" el="224" ec="58" bec="0" bev="0" fileid="1" />
                <SequencePoint vc="0" uspid="36" ordinal="14" offset="243" sl="225" sc="9" el="225" ec="10" bec="0" bev="0" fileid="1" />
              </SequencePoints>
              <BranchPoints>
                <BranchPoint vc="0" uspid="37" ordinal="0" offset="22" sl="183" path="0" offsetchain="51" offsetend="188" fileid="1" />
                <BranchPoint vc="0" uspid="38" ordinal="1" offset="22" sl="183" path="1" offsetend="56" fileid="1" />
                <BranchPoint vc="0" uspid="39" ordinal="2" offset="22" sl="183" path="2" offsetend="56" fileid="1" />
                <BranchPoint vc="0" uspid="40" ordinal="3" offset="22" sl="183" path="3" offsetend="56" fileid="1" />
                <BranchPoint vc="0" uspid="41" ordinal="4" offset="22" sl="183" path="4" offsetend="100" fileid="1" />
                <BranchPoint vc="0" uspid="42" ordinal="5" offset="22" sl="183" path="5" offsetend="144" fileid="1" />
                <BranchPoint vc="0" uspid="43" ordinal="6" offset="22" sl="183" path="6" offsetend="56" fileid="1" />
              </BranchPoints>
              <MethodPoint xsi:type="SequencePoint" vc="0" uspid="22" ordinal="0" offset="0" sl="176" sc="9" el="176" ec="10" bec="0" bev="0" fileid="1" />
            </Method>
            <Method visited="true" cyclomaticComplexity="1" nPathComplexity="0" sequenceCoverage="0" branchCoverage="0" isConstructor="true" isStatic="false" isGetter="false" isSetter="false">
              <Summary numSequencePoints="0" visitedSequencePoints="0" numBranchPoints="0" visitedBranchPoints="0" sequenceCoverage="0" branchCoverage="0" maxCyclomaticComplexity="1" minCyclomaticComplexity="1" visitedClasses="0" numClasses="0" visitedMethods="0" numMethods="0" />
              <MetadataToken>100663303</MetadataToken>
              <Name>System.Void OpenInApp.Common.Tests.Helpers.OpenInAppHelperTests::.ctor()</Name>
              <SequencePoints />
              <BranchPoints />
              <MethodPoint vc="1" uspid="44" ordinal="0" offset="0" />
            </Method>
          </Methods>
        </Class>
        <Class>
          <Summary numSequencePoints="16" visitedSequencePoints="16" numBranchPoints="9" visitedBranchPoints="8" sequenceCoverage="100" branchCoverage="88.89" maxCyclomaticComplexity="5" minCyclomaticComplexity="1" visitedClasses="1" numClasses="1" visitedMethods="1" numMethods="1" />
          <FullName>OpenInApp.Common.Tests.Helpers.GeneralOptionsHelperTests</FullName>
          <Methods>
            <Method visited="true" cyclomaticComplexity="5" nPathComplexity="16" sequenceCoverage="100" branchCoverage="88.89" isConstructor="false" isStatic="false" isGetter="false" isSetter="false">
              <Summary numSequencePoints="16" visitedSequencePoints="16" numBranchPoints="9" visitedBranchPoints="8" sequenceCoverage="100" branchCoverage="88.89" maxCyclomaticComplexity="5" minCyclomaticComplexity="5" visitedClasses="0" numClasses="0" visitedMethods="1" numMethods="1" />
              <MetadataToken>100663304</MetadataToken>
              <Name>System.Void OpenInApp.Common.Tests.Helpers.GeneralOptionsHelperTests::GetActualPathToExeTest(OpenInApp.Common.Helpers.KeyToExecutableEnum,System.String)</Name>
              <FileRef uid="2" />
              <SequencePoints>
                <SequencePoint vc="20" uspid="45" ordinal="0" offset="0" sl="38" sc="9" el="38" ec="10" bec="0" bev="0" fileid="2" />
                <SequencePoint vc="20" uspid="46" ordinal="1" offset="1" sl="40" sc="13" el="40" ec="57" bec="2" bev="2" fileid="2" />
                <SequencePoint vc="3" uspid="47" ordinal="2" offset="16" sl="41" sc="13" el="41" ec="14" bec="0" bev="0" fileid="2" />
                <SequencePoint vc="3" uspid="48" ordinal="3" offset="17" sl="42" sc="17" el="42" ec="94" bec="0" bev="0" fileid="2" />
                <SequencePoint vc="3" uspid="49" ordinal="4" offset="25" sl="43" sc="17" el="43" ec="68" bec="0" bev="0" fileid="2" />
                <SequencePoint vc="3" uspid="50" ordinal="5" offset="33" sl="45" sc="17" el="45" ec="45" bec="6" bev="5" fileid="2" />
                <SequencePoint vc="1" uspid="51" ordinal="6" offset="58" sl="48" sc="25" el="48" ec="116" bec="0" bev="0" fileid="2" />
                <SequencePoint vc="1" uspid="52" ordinal="7" offset="71" sl="49" sc="25" el="49" ec="31" bec="0" bev="0" fileid="2" />
                <SequencePoint vc="1" uspid="53" ordinal="8" offset="73" sl="51" sc="25" el="51" ec="83" bec="0" bev="0" fileid="2" />
                <SequencePoint vc="1" uspid="54" ordinal="9" offset="86" sl="52" sc="25" el="52" ec="31" bec="0" bev="0" fileid="2" />
                <SequencePoint vc="1" uspid="55" ordinal="10" offset="88" sl="54" sc="25" el="54" ec="107" bec="0" bev="0" fileid="2" />
                <SequencePoint vc="1" uspid="56" ordinal="11" offset="101" sl="55" sc="25" el="55" ec="31" bec="0" bev="0" fileid="2" />
                <SequencePoint vc="3" uspid="57" ordinal="12" offset="103" sl="57" sc="13" el="57" ec="14" bec="0" bev="0" fileid="2" />
                <SequencePoint vc="20" uspid="58" ordinal="13" offset="104" sl="60" sc="13" el="60" ec="99" bec="0" bev="0" fileid="2" />
                <SequencePoint vc="20" uspid="59" ordinal="14" offset="111" sl="63" sc="13" el="63" ec="54" bec="0" bev="0" fileid="2" />
                <SequencePoint vc="19" uspid="60" ordinal="15" offset="124" sl="64" sc="9" el="64" ec="10" bec="0" bev="0" fileid="2" />
              </SequencePoints>
              <BranchPoints>
                <BranchPoint vc="3" uspid="61" ordinal="0" offset="14" sl="40" path="0" offsetend="16" fileid="2" />
                <BranchPoint vc="17" uspid="62" ordinal="1" offset="14" sl="40" path="1" offsetend="104" fileid="2" />
                <BranchPoint vc="2" uspid="63" ordinal="2" offset="39" sl="45" path="0" offsetchain="41" offsetend="43" fileid="2" />
                <BranchPoint vc="1" uspid="64" ordinal="3" offset="39" sl="45" path="1" offsetend="58" fileid="2" />
                <BranchPoint vc="1" uspid="65" ordinal="4" offset="46" sl="45" path="0" offsetchain="48" offsetend="50" fileid="2" />
                <BranchPoint vc="1" uspid="66" ordinal="5" offset="46" sl="45" path="1" offsetend="73" fileid="2" />
                <BranchPoint vc="0" uspid="67" ordinal="6" offset="54" sl="45" path="0" offsetchain="56" offsetend="103" fileid="2" />
                <BranchPoint vc="1" uspid="68" ordinal="7" offset="54" sl="45" path="1" offsetend="88" fileid="2" />
              </BranchPoints>
              <MethodPoint xsi:type="SequencePoint" vc="20" uspid="45" ordinal="0" offset="0" sl="38" sc="9" el="38" ec="10" bec="0" bev="0" fileid="2" />
            </Method>
            <Method visited="true" cyclomaticComplexity="1" nPathComplexity="0" sequenceCoverage="0" branchCoverage="0" isConstructor="true" isStatic="false" isGetter="false" isSetter="false">
              <Summary numSequencePoints="0" visitedSequencePoints="0" numBranchPoints="0" visitedBranchPoints="0" sequenceCoverage="0" branchCoverage="0" maxCyclomaticComplexity="1" minCyclomaticComplexity="1" visitedClasses="0" numClasses="0" visitedMethods="0" numMethods="0" />
              <MetadataToken>100663305</MetadataToken>
              <Name>System.Void OpenInApp.Common.Tests.Helpers.GeneralOptionsHelperTests::.ctor()</Name>
              <SequencePoints />
              <BranchPoints />
              <MethodPoint vc="1" uspid="69" ordinal="0" offset="0" />
            </Method>
          </Methods>
        </Class>
        <Class>
          <Summary numSequencePoints="24" visitedSequencePoints="24" numBranchPoints="6" visitedBranchPoints="6" sequenceCoverage="100" branchCoverage="100" maxCyclomaticComplexity="1" minCyclomaticComplexity="1" visitedClasses="1" numClasses="1" visitedMethods="6" numMethods="6" />
          <FullName>OpenInApp.Common.Tests.Helpers.FileHelperTests</FullName>
          <Methods>
            <Method visited="true" cyclomaticComplexity="1" nPathComplexity="0" sequenceCoverage="100" branchCoverage="100" isConstructor="false" isStatic="false" isGetter="false" isSetter="false">
              <Summary numSequencePoints="5" visitedSequencePoints="5" numBranchPoints="1" visitedBranchPoints="1" sequenceCoverage="100" branchCoverage="100" maxCyclomaticComplexity="1" minCyclomaticComplexity="1" visitedClasses="0" numClasses="0" visitedMethods="1" numMethods="1" />
              <MetadataToken>100663306</MetadataToken>
              <Name>System.Void OpenInApp.Common.Tests.Helpers.FileHelperTests::AreTypicalFileExtensionsTest(System.String,System.Boolean)</Name>
              <FileRef uid="3" />
              <SequencePoints>
                <SequencePoint vc="19" uspid="70" ordinal="0" offset="0" sl="47" sc="9" el="47" ec="10" bec="0" bev="0" fileid="3" />
                <SequencePoint vc="19" uspid="71" ordinal="1" offset="1" sl="48" sc="13" el="48" ec="63" bec="0" bev="0" fileid="3" />
                <SequencePoint vc="19" uspid="72" ordinal="2" offset="15" sl="51" sc="13" el="51" ec="99" bec="0" bev="0" fileid="3" />
                <SequencePoint vc="19" uspid="73" ordinal="3" offset="28" sl="54" sc="13" el="54" ec="47" bec="0" bev="0" fileid="3" />
                <SequencePoint vc="19" uspid="74" ordinal="4" offset="46" sl="55" sc="9" el="55" ec="10" bec="0" bev="0" fileid="3" />
              </SequencePoints>
              <BranchPoints />
              <MethodPoint xsi:type="SequencePoint" vc="19" uspid="70" ordinal="0" offset="0" sl="47" sc="9" el="47" ec="10" bec="0" bev="0" fileid="3" />
            </Method>
            <Method visited="true" cyclomaticComplexity="1" nPathComplexity="0" sequenceCoverage="100" branchCoverage="100" isConstructor="false" isStatic="false" isGetter="false" isSetter="false">
              <Summary numSequencePoints="4" visitedSequencePoints="4" numBranchPoints="1" visitedBranchPoints="1" sequenceCoverage="100" branchCoverage="100" maxCyclomaticComplexity="1" minCyclomaticComplexity="1" visitedClasses="0" numClasses="0" visitedMethods="1" numMethods="1" />
              <MetadataToken>100663307</MetadataToken>
              <Name>System.Void OpenInApp.Common.Tests.Helpers.FileHelperTests::AreTypicalFileExtensionsGenericTest()</Name>
              <FileRef uid="3" />
              <SequencePoints>
                <SequencePoint vc="1" uspid="75" ordinal="0" offset="0" sl="60" sc="9" el="60" ec="10" bec="0" bev="0" fileid="3" />
                <SequencePoint vc="1" uspid="76" ordinal="1" offset="1" sl="62" sc="13" el="64" ec="43" bec="0" bev="0" fileid="3" />
                <SequencePoint vc="1" uspid="77" ordinal="2" offset="89" sl="67" sc="13" el="67" ec="43" bec="0" bev="0" fileid="3" />
                <SequencePoint vc="1" uspid="78" ordinal="3" offset="107" sl="68" sc="9" el="68" ec="10" bec="0" bev="0" fileid="3" />
              </SequencePoints>
              <BranchPoints />
              <MethodPoint xsi:type="SequencePoint" vc="1" uspid="75" ordinal="0" offset="0" sl="60" sc="9" el="60" ec="10" bec="0" bev="0" fileid="3" />
            </Method>
            <Method visited="true" cyclomaticComplexity="1" nPathComplexity="0" sequenceCoverage="100" branchCoverage="100" isConstructor="false" isStatic="false" isGetter="false" isSetter="false">
              <Summary numSequencePoints="5" visitedSequencePoints="5" numBranchPoints="1" visitedBranchPoints="1" sequenceCoverage="100" branchCoverage="100" maxCyclomaticComplexity="1" minCyclomaticComplexity="1" visitedClasses="0" numClasses="0" visitedMethods="1" numMethods="1" />
              <MetadataToken>100663308</MetadataToken>
              <Name>System.Void OpenInApp.Common.Tests.Helpers.FileHelperTests::GetDefaultTypicalFileExtensionsAsCsvTest()</Name>
              <FileRef uid="3" />
              <SequencePoints>
                <SequencePoint vc="1" uspid="79" ordinal="0" offset="0" sl="73" sc="9" el="73" ec="10" bec="0" bev="0" fileid="3" />
                <SequencePoint vc="1" uspid="80" ordinal="1" offset="1" sl="75" sc="13" el="75" ec="63" bec="0" bev="0" fileid="3" />
                <SequencePoint vc="1" uspid="81" ordinal="2" offset="43" sl="78" sc="13" el="78" ec="87" bec="0" bev="0" fileid="3" />
                <SequencePoint vc="1" uspid="82" ordinal="3" offset="50" sl="81" sc="13" el="81" ec="46" bec="0" bev="0" fileid="3" />
                <SequencePoint vc="1" uspid="83" ordinal="4" offset="62" sl="82" sc="9" el="82" ec="10" bec="0" bev="0" fileid="3" />
              </SequencePoints>
              <BranchPoints />
              <MethodPoint xsi:type="SequencePoint" vc="1" uspid="79" ordinal="0" offset="0" sl="73" sc="9" el="73" ec="10" bec="0" bev="0" fileid="3" />
            </Method>
            <Method visited="true" cyclomaticComplexity="1" nPathComplexity="0" sequenceCoverage="100" branchCoverage="100" isConstructor="false" isStatic="false" isGetter="false" isSetter="false">
              <Summary numSequencePoints="5" visitedSequencePoints="5" numBranchPoints="1" visitedBranchPoints="1" sequenceCoverage="100" branchCoverage="100" maxCyclomaticComplexity="1" minCyclomaticComplexity="1" visitedClasses="0" numClasses="0" visitedMethods="1" numMethods="1" />
              <MetadataToken>100663309</MetadataToken>
              <Name>System.Void OpenInApp.Common.Tests.Helpers.FileHelperTests::GetTypicalFileExtensionAsListTest(System.String)</Name>
              <FileRef uid="3" />
              <SequencePoints>
                <SequencePoint vc="1" uspid="84" ordinal="0" offset="0" sl="87" sc="9" el="87" ec="10" bec="0" bev="0" fileid="3" />
                <SequencePoint vc="1" uspid="85" ordinal="1" offset="1" sl="89" sc="13" el="89" ec="63" bec="0" bev="0" fileid="3" />
                <SequencePoint vc="1" uspid="86" ordinal="2" offset="43" sl="92" sc="13" el="92" ec="77" bec="0" bev="0" fileid="3" />
                <SequencePoint vc="1" uspid="87" ordinal="3" offset="50" sl="95" sc="13" el="95" ec="47" bec="0" bev="0" fileid="3" />
                <SequencePoint vc="1" uspid="88" ordinal="4" offset="58" sl="96" sc="9" el="96" ec="10" bec="0" bev="0" fileid="3" />
              </SequencePoints>
              <BranchPoints />
              <MethodPoint xsi:type="SequencePoint" vc="1" uspid="84" ordinal="0" offset="0" sl="87" sc="9" el="87" ec="10" bec="0" bev="0" fileid="3" />
            </Method>
            <Method visited="true" cyclomaticComplexity="1" nPathComplexity="0" sequenceCoverage="100" branchCoverage="100" isConstructor="false" isStatic="false" isGetter="false" isSetter="false">
              <Summary numSequencePoints="4" visitedSequencePoints="4" numBranchPoints="1" visitedBranchPoints="1" sequenceCoverage="100" branchCoverage="100" maxCyclomaticComplexity="1" minCyclomaticComplexity="1" visitedClasses="0" numClasses="0" visitedMethods="1" numMethods="1" />
              <MetadataToken>100663310</MetadataToken>
              <Name>System.Void OpenInApp.Common.Tests.Helpers.FileHelperTests::DoesActualPathToExeExistTest()</Name>
              <FileRef uid="3" />
              <SequencePoints>
                <SequencePoint vc="1" uspid="89" ordinal="0" offset="0" sl="101" sc="9" el="101" ec="10" bec="0" bev="0" fileid="3" />
                <SequencePoint vc="1" uspid="90" ordinal="1" offset="1" sl="103" sc="13" el="103" ec="71" bec="0" bev="0" fileid="3" />
                <SequencePoint vc="1" uspid="91" ordinal="2" offset="8" sl="106" sc="13" el="106" ec="36" bec="0" bev="0" fileid="3" />
                <SequencePoint vc="1" uspid="92" ordinal="3" offset="15" sl="107" sc="9" el="107" ec="10" bec="0" bev="0" fileid="3" />
              </SequencePoints>
              <BranchPoints />
              <MethodPoint xsi:type="SequencePoint" vc="1" uspid="89" ordinal="0" offset="0" sl="101" sc="9" el="101" ec="10" bec="0" bev="0" fileid="3" />
            </Method>
            <Method visited="true" cyclomaticComplexity="1" nPathComplexity="0" sequenceCoverage="100" branchCoverage="100" isConstructor="true" isStatic="false" isGetter="false" isSetter="false">
              <Summary numSequencePoints="1" visitedSequencePoints="1" numBranchPoints="1" visitedBranchPoints="1" sequenceCoverage="100" branchCoverage="100" maxCyclomaticComplexity="1" minCyclomaticComplexity="1" visitedClasses="0" numClasses="0" visitedMethods="1" numMethods="1" />
              <MetadataToken>100663311</MetadataToken>
              <Name>System.Void OpenInApp.Common.Tests.Helpers.FileHelperTests::.ctor()</Name>
              <FileRef uid="3" />
              <SequencePoints>
                <SequencePoint vc="1" uspid="93" ordinal="0" offset="0" sl="10" sc="9" el="23" ec="11" bec="0" bev="0" fileid="3" />
              </SequencePoints>
              <BranchPoints />
              <MethodPoint xsi:type="SequencePoint" vc="1" uspid="93" ordinal="0" offset="0" sl="10" sc="9" el="23" ec="11" bec="0" bev="0" fileid="3" />
            </Method>
          </Methods>
        </Class>
      </Classes>
    </Module>
    <Module skippedDueTo="Filter" hash="6C-04-8C-57-BA-16-AC-9A-1E-6F-C5-9B-72-58-A4-91-04-FA-A5-1E">
      <ModulePath>C:\Users\GregoryT\Source\Repos\OpenInApp.Launcher\src\OpenInApp.Common.Tests\bin\Debug\nunit.framework.dll</ModulePath>
      <ModuleTime>2017-02-25T10:53:22Z</ModuleTime>
      <ModuleName>nunit.framework</ModuleName>
      <Classes />
    </Module>
    <Module skippedDueTo="Filter" hash="79-DA-20-18-E5-A6-96-55-C4-03-82-AF-F0-52-81-94-D8-F5-87-29">
      <ModulePath>C:\Users\GregoryT\Source\Repos\OpenInApp.Launcher\src\OpenInApp.Common.Tests\bin\Debug\OpenInApp.Common.dll</ModulePath>
      <ModuleTime>2017-07-07T12:15:49.7701275Z</ModuleTime>
      <ModuleName>OpenInApp.Common</ModuleName>
      <Classes />
    </Module>
    <Module skippedDueTo="Filter" hash="B2-A2-BD-63-F9-F2-57-08-E9-96-4F-80-7E-4F-54-31-E1-75-FD-E3">
      <ModulePath>C:\Windows\Microsoft.Net\assembly\GAC_MSIL\System.Core\v4.0_4.0.0.0__b77a5c561934e089\System.Core.dll</ModulePath>
      <ModuleTime>2017-03-26T20:08:56Z</ModuleTime>
      <ModuleName>System.Core</ModuleName>
      <Classes />
    </Module>
    <Module skippedDueTo="Filter" hash="CE-08-ED-72-9A-92-CA-DB-42-71-E5-29-5E-8A-31-3A-11-FF-54-F1">
      <ModulePath>C:\Windows\Microsoft.Net\assembly\GAC_MSIL\Microsoft.CSharp\v4.0_4.0.0.0__b03f5f7f11d50a3a\Microsoft.CSharp.dll</ModulePath>
      <ModuleTime>2016-07-14T14:43:42Z</ModuleTime>
      <ModuleName>Microsoft.CSharp</ModuleName>
      <Classes />
    </Module>
    <Module skippedDueTo="Filter" hash="38-2F-E3-8C-35-A0-6B-B5-C7-A5-12-1A-EF-05-24-F6-35-44-A7-92">
      <ModulePath>C:\Windows\Microsoft.Net\assembly\GAC_MSIL\System.Dynamic\v4.0_4.0.0.0__b03f5f7f11d50a3a\System.Dynamic.dll</ModulePath>
      <ModuleTime>2016-07-14T14:43:42Z</ModuleTime>
      <ModuleName>System.Dynamic</ModuleName>
      <Classes />
    </Module>
    <Module skippedDueTo="Filter" hash="">
      <ModulePath>RefEmit_InMemoryManifestModule</ModulePath>
      <ModuleTime>0001-01-01T00:00:00</ModuleTime>
      <ModuleName>Anonymously Hosted DynamicMethods Assembly</ModuleName>
      <Classes />
    </Module>
  </Modules>
</CoverageSession>